=== JOB REPORT ===
job_id: bd7ca72c-416f-4a98-ac90-9be41b915aa1
plugin_name: smileit
status: completed
algorithm_version: 2.0.1
created_at: 2026-04-09T00:44:45.486838+00:00
updated_at: 2026-04-09T00:44:46.771394+00:00

=== INPUT PARAMETERS ===
{
  "allow_repeated": false,
  "assignment_blocks": [
    {
      "label": "Block 1",
      "priority": 1,
      "resolved_substituents": [
        {
          "categories": [
            "aromatic",
            "hydrophobic"
          ],
          "name": "Benzene",
          "selected_atom_index": 0,
          "smiles": "c1ccccc1",
          "source_kind": "catalog",
          "stable_id": "4771bea5-bab9-47d1-b503-1634308374f1",
          "version": 1
        },
        {
          "categories": [
            "hbond_acceptor"
          ],
          "name": "Aldehyde",
          "selected_atom_index": 0,
          "smiles": "[CH]=O",
          "source_kind": "catalog",
          "stable_id": "44b36e12-0f64-4b96-a502-240553466e72",
          "version": 1
        },
        {
          "categories": [
            "hbond_acceptor",
            "hbond_donor"
          ],
          "name": "Alcohol",
          "selected_atom_index": 0,
          "smiles": "[OH]",
          "source_kind": "catalog",
          "stable_id": "9d2f9050-0d79-40dc-89ee-8613379b7515",
          "version": 1
        },
        {
          "categories": [
            "hbond_acceptor",
            "hydrophobic"
          ],
          "name": "EthylMethylAmine",
          "selected_atom_index": 0,
          "smiles": "N(C)(CC)",
          "source_kind": "catalog",
          "stable_id": "e7ce03c3-898c-4d90-81de-a6c1170e3c40",
          "version": 1
        },
        {
          "categories": [
            "hbond_acceptor"
          ],
          "name": "MethylEster",
          "selected_atom_index": 0,
          "smiles": "C(=O)OC",
          "source_kind": "catalog",
          "stable_id": "d1efdd07-6269-4213-bcd0-825397e230af",
          "version": 1
        },
        {
          "categories": [
            "hbond_acceptor"
          ],
          "name": "Methoxy",
          "selected_atom_index": 0,
          "smiles": "[O][CH3]",
          "source_kind": "catalog",
          "stable_id": "6de11967-8a23-43e2-b699-36414c7c16c3",
          "version": 1
        },
        {
          "categories": [
            "hbond_acceptor",
            "hbond_donor"
          ],
          "name": "Amine",
          "selected_atom_index": 0,
          "smiles": "[NH2]",
          "source_kind": "catalog",
          "stable_id": "4d9425af-4a62-43d3-9e79-2746b855885b",
          "version": 1
        },
        {
          "categories": [
            "hbond_acceptor"
          ],
          "name": "Nitro",
          "selected_atom_index": 0,
          "smiles": "[N+](=O)[O-]",
          "source_kind": "catalog",
          "stable_id": "4f322c6b-7af4-47d0-b2b8-b08f86b12e9a",
          "version": 1
        },
        {
          "categories": [
            "hbond_donor"
          ],
          "name": "Thiol",
          "selected_atom_index": 0,
          "smiles": "[SH]",
          "source_kind": "catalog",
          "stable_id": "9a8a5f8b-f08c-4155-8734-99be6e3ba255",
          "version": 1
        },
        {
          "categories": [
            "hydrophobic"
          ],
          "name": "Chlorine",
          "selected_atom_index": 0,
          "smiles": "[Cl]",
          "source_kind": "catalog",
          "stable_id": "133afc65-f77a-46dd-8bd8-65f33f644c50",
          "version": 1
        },
        {
          "categories": [
            "hydrophobic"
          ],
          "name": "Chloromethane",
          "selected_atom_index": 0,
          "smiles": "[CH2]Cl",
          "source_kind": "catalog",
          "stable_id": "287f69e4-b376-4609-af35-e9def2485be9",
          "version": 1
        },
        {
          "categories": [
            "hydrophobic"
          ],
          "name": "Dichloromethane",
          "selected_atom_index": 0,
          "smiles": "[CH](Cl)Cl",
          "source_kind": "catalog",
          "stable_id": "ed5cbd39-4f1e-4241-99bb-00d340c6de71",
          "version": 1
        },
        {
          "categories": [
            "hydrophobic"
          ],
          "name": "Difluoromethane",
          "selected_atom_index": 0,
          "smiles": "[CH](F)F",
          "source_kind": "catalog",
          "stable_id": "2cb13828-de78-48fc-b8ca-ee17cf519446",
          "version": 1
        },
        {
          "categories": [
            "hydrophobic"
          ],
          "name": "Fluorine",
          "selected_atom_index": 0,
          "smiles": "[F]",
          "source_kind": "catalog",
          "stable_id": "26b78864-82ef-4ab1-b661-e942073186e0",
          "version": 1
        },
        {
          "categories": [
            "hydrophobic"
          ],
          "name": "Fluoromethane",
          "selected_atom_index": 0,
          "smiles": "[CH2]F",
          "source_kind": "catalog",
          "stable_id": "8030892b-5457-486c-86a3-b04a6815283e",
          "version": 1
        },
        {
          "categories": [
            "hydrophobic"
          ],
          "name": "Trifluoromethane",
          "selected_atom_index": 0,
          "smiles": "[CH](F)(F)F",
          "source_kind": "catalog",
          "stable_id": "e9e5ae92-40f0-4aad-a5ac-1c3e12c4283c",
          "version": 1
        },
        {
          "categories": [],
          "name": "Malo",
          "selected_atom_index": 0,
          "smiles": "O=CO",
          "source_kind": "catalog",
          "stable_id": "1d0ef924-89ea-4674-9360-0c5a9a198002",
          "version": 1
        },
        {
          "categories": [],
          "name": "Malo 111",
          "selected_atom_index": 2,
          "smiles": "O=CO",
          "source_kind": "catalog",
          "stable_id": "ea342ffd-708b-4ca5-9fdb-a561bcce8c7e",
          "version": 1
        },
        {
          "categories": [],
          "name": "Malo 11",
          "selected_atom_index": 1,
          "smiles": "O=CO",
          "source_kind": "catalog",
          "stable_id": "fd36879a-04fa-437f-8c9e-d7adc6491380",
          "version": 1
        }
      ],
      "site_atom_indices": [
        17,
        18
      ]
    },
    {
      "label": "Block 3",
      "priority": 2,
      "resolved_substituents": [
        {
          "categories": [
            "hydrophobic"
          ],
          "name": "Trifluoromethane",
          "selected_atom_index": 0,
          "smiles": "[CH](F)(F)F",
          "source_kind": "catalog",
          "stable_id": "e9e5ae92-40f0-4aad-a5ac-1c3e12c4283c",
          "version": 1
        }
      ],
      "site_atom_indices": [
        16
      ]
    }
  ],
  "export_name_base": "smileit_run",
  "export_padding": 5,
  "max_structures": 0,
  "num_bonds": 1,
  "principal_smiles": "c1(O)c(NCCC=C)c2c([nH]cc2)c([N+](=O)[O-])c1O",
  "r_substitutes": 2,
  "references": {
    "categories": [],
    "patterns": [
      {
        "pattern_type": "privileged",
        "stable_id": "bee090e8-b983-4775-b564-74565f34c66a",
        "version": 1
      },
      {
        "pattern_type": "privileged",
        "stable_id": "a2034040-41bc-4dad-9d8d-8acd1a117093",
        "version": 1
      },
      {
        "pattern_type": "privileged",
        "stable_id": "92a76979-ad6e-48e1-9589-81995b50c7ad",
        "version": 1
      },
      {
        "pattern_type": "toxicophore",
        "stable_id": "c8e17fd9-76dd-4ccb-8cb3-367aa4f38ebe",
        "version": 1
      },
      {
        "pattern_type": "toxicophore",
        "stable_id": "967a0246-200a-4b68-b75e-7a3e77ee77d9",
        "version": 1
      }
    ],
    "substituents": [
      {
        "stable_id": "4771bea5-bab9-47d1-b503-1634308374f1",
        "version": 1
      },
      {
        "stable_id": "44b36e12-0f64-4b96-a502-240553466e72",
        "version": 1
      },
      {
        "stable_id": "9d2f9050-0d79-40dc-89ee-8613379b7515",
        "version": 1
      },
      {
        "stable_id": "e7ce03c3-898c-4d90-81de-a6c1170e3c40",
        "version": 1
      },
      {
        "stable_id": "d1efdd07-6269-4213-bcd0-825397e230af",
        "version": 1
      },
      {
        "stable_id": "6de11967-8a23-43e2-b699-36414c7c16c3",
        "version": 1
      },
      {
        "stable_id": "4d9425af-4a62-43d3-9e79-2746b855885b",
        "version": 1
      },
      {
        "stable_id": "4f322c6b-7af4-47d0-b2b8-b08f86b12e9a",
        "version": 1
      },
      {
        "stable_id": "9a8a5f8b-f08c-4155-8734-99be6e3ba255",
        "version": 1
      },
      {
        "stable_id": "133afc65-f77a-46dd-8bd8-65f33f644c50",
        "version": 1
      },
      {
        "stable_id": "287f69e4-b376-4609-af35-e9def2485be9",
        "version": 1
      },
      {
        "stable_id": "ed5cbd39-4f1e-4241-99bb-00d340c6de71",
        "version": 1
      },
      {
        "stable_id": "2cb13828-de78-48fc-b8ca-ee17cf519446",
        "version": 1
      },
      {
        "stable_id": "26b78864-82ef-4ab1-b661-e942073186e0",
        "version": 1
      },
      {
        "stable_id": "8030892b-5457-486c-86a3-b04a6815283e",
        "version": 1
      },
      {
        "stable_id": "e9e5ae92-40f0-4aad-a5ac-1c3e12c4283c",
        "version": 1
      },
      {
        "stable_id": "1d0ef924-89ea-4674-9360-0c5a9a198002",
        "version": 1
      },
      {
        "stable_id": "ea342ffd-708b-4ca5-9fdb-a561bcce8c7e",
        "version": 1
      },
      {
        "stable_id": "fd36879a-04fa-437f-8c9e-d7adc6491380",
        "version": 1
      }
    ]
  },
  "selected_atom_indices": [
    16,
    17,
    18
  ],
  "site_overlap_policy": "last_block_wins",
  "version": "2.0.1"
}

=== RESULTS SNAPSHOT ===
{
  "export_name_base": "smileit_run",
  "export_padding": 5,
  "generated_structures": [
    {
      "name": "smileit_run_00001",
      "placeholder_assignments": [
        {
          "placeholder_label": "R1",
          "site_atom_index": 16,
          "substituent_name": "Trifluoromethane",
          "substituent_smiles": "[CH](F)(F)F"
        }
      ],
      "smiles": "C=CCCNc1c(O)c(O)c([N+](=O)[O-])c2[nH]c(C(F)(F)F)cc12",
      "svg": "",
      "traceability": [
        {
          "block_label": "Block 3",
          "block_priority": 2,
          "bond_order": 1,
          "round_index": 1,
          "site_atom_index": 16,
          "source_kind": "catalog",
          "substituent_name": "Trifluoromethane",
          "substituent_smiles": "[CH](F)(F)F",
          "substituent_stable_id": "e9e5ae92-40f0-4aad-a5ac-1c3e12c4283c",
          "substituent_version": 1
        }
      ]
    },
    {
      "name": "smileit_run_00002",
      "placeholder_assignments": [
        {
          "placeholder_label": "R1",
          "site_atom_index": 17,
          "substituent_name": "Chlorine",
          "substituent_smiles": "[Cl]"
        }
      ],
      "smiles": "C=CCCNc1c(O)c(O)c([N+](=O)[O-])c2[nH]cc(Cl)c12",
      "svg": "",
      "traceability": [
        {
          "block_label": "Block 1",
          "block_priority": 1,
          "bond_order": 1,
          "round_index": 1,
          "site_atom_index": 17,
          "source_kind": "catalog",
          "substituent_name": "Chlorine",
          "substituent_smiles": "[Cl]",
          "substituent_stable_id": "133afc65-f77a-46dd-8bd8-65f33f644c50",
          "substituent_version": 1
        }
      ]
    },
    {
      "name": "smileit_run_00003",
      "placeholder_assignments": [
        {
          "placeholder_label": "R1",
          "site_atom_index": 17,
          "substituent_name": "Fluorine",
          "substituent_smiles": "[F]"
        }
      ],
      "smiles": "C=CCCNc1c(O)c(O)c([N+](=O)[O-])c2[nH]cc(F)c12",
      "svg": "",
      "traceability": [
        {
          "block_label": "Block 1",
          "block_priority": 1,
          "bond_order": 1,
          "round_index": 1,
          "site_atom_index": 17,
          "source_kind": "catalog",
          "substituent_name": "Fluorine",
          "substituent_smiles": "[F]",
          "substituent_stable_id": "26b78864-82ef-4ab1-b661-e942073186e0",
          "substituent_version": 1
        }
      ]
    },
    {
      "name": "smileit_run_00004",
      "placeholder_assignments": [
        {
          "placeholder_label": "R1",
          "site_atom_index": 17,
          "substituent_name": "Chloromethane",
          "substituent_smiles": "[CH2]Cl"
        }
      ],
      "smiles": "C=CCCNc1c(O)c(O)c([N+](=O)[O-])c2[nH]cc([CH]Cl)c12",
      "svg": "",
      "traceability": [
        {
          "block_label": "Block 1",
          "block_priority": 1,
          "bond_order": 1,
          "round_index": 1,
          "site_atom_index": 17,
          "source_kind": "catalog",
          "substituent_name": "Chloromethane",
          "substituent_smiles": "[CH2]Cl",
          "substituent_stable_id": "287f69e4-b376-4609-af35-e9def2485be9",
          "substituent_version": 1
        }
      ]
    },
    {
      "name": "smileit_run_00005",
      "placeholder_assignments": [
        {
          "placeholder_label": "R1",
          "site_atom_index": 17,
          "substituent_name": "Difluoromethane",
          "substituent_smiles": "[CH](F)F"
        }
      ],
      "smiles": "C=CCCNc1c(O)c(O)c([N+](=O)[O-])c2[nH]cc([C](F)F)c12",
      "svg": "",
      "traceability": [
        {
          "block_label": "Block 1",
          "block_priority": 1,
          "bond_order": 1,
          "round_index": 1,
          "site_atom_index": 17,
          "source_kind": "catalog",
          "substituent_name": "Difluoromethane",
          "substituent_smiles": "[CH](F)F",
          "substituent_stable_id": "2cb13828-de78-48fc-b8ca-ee17cf519446",
          "substituent_version": 1
        }
      ]
    },
    {
      "name": "smileit_run_00006",
      "placeholder_assignments": [
        {
          "placeholder_label": "R1",
          "site_atom_index": 17,
          "substituent_name": "Aldehyde",
          "substituent_smiles": "[CH]=O"
        }
      ],
      "smiles": "C=CCCNc1c(O)c(O)c([N+](=O)[O-])c2[nH]cc([C]=O)c12",
      "svg": "",
      "traceability": [
        {
          "block_label": "Block 1",
          "block_priority": 1,
          "bond_order": 1,
          "round_index": 1,
          "site_atom_index": 17,
          "source_kind": "catalog",
          "substituent_name": "Aldehyde",
          "substituent_smiles": "[CH]=O",
          "substituent_stable_id": "44b36e12-0f64-4b96-a502-240553466e72",
          "substituent_version": 1
        }
      ]
    },
    {
      "name": "smileit_run_00007",
      "placeholder_assignments": [
        {
          "placeholder_label": "R1",
          "site_atom_index": 17,
          "substituent_name": "Benzene",
          "substituent_smiles": "c1ccccc1"
        }
      ],
      "smiles": "C=CCCNc1c(O)c(O)c([N+](=O)[O-])c2[nH]cc(-c3ccccc3)c12",
      "svg": "",
      "traceability": [
        {
          "block_label": "Block 1",
          "block_priority": 1,
          "bond_order": 1,
          "round_index": 1,
          "site_atom_index": 17,
          "source_kind": "catalog",
          "substituent_name": "Benzene",
          "substituent_smiles": "c1ccccc1",
          "substituent_stable_id": "4771bea5-bab9-47d1-b503-1634308374f1",
          "substituent_version": 1
        }
      ]
    },
    {
      "name": "smileit_run_00008",
      "placeholder_assignments": [
        {
          "placeholder_label": "R1",
          "site_atom_index": 17,
          "substituent_name": "Amine",
          "substituent_smiles": "[NH2]"
        }
      ],
      "smiles": "C=CCCNc1c(O)c(O)c([N+](=O)[O-])c2[nH]cc([NH])c12",
      "svg": "",
      "traceability": [
        {
          "block_label": "Block 1",
          "block_priority": 1,
          "bond_order": 1,
          "round_index": 1,
          "site_atom_index": 17,
          "source_kind": "catalog",
          "substituent_name": "Amine",
          "substituent_smiles": "[NH2]",
          "substituent_stable_id": "4d9425af-4a62-43d3-9e79-2746b855885b",
          "substituent_version": 1
        }
      ]
    },
    {
      "name": "smileit_run_00009",
      "placeholder_assignments": [
        {
          "placeholder_label": "R1",
          "site_atom_index": 17,
          "substituent_name": "Methoxy",
          "substituent_smiles": "[O][CH3]"
        }
      ],
      "smiles": "C=CCCNc1c(O)c(O)c([N+](=O)[O-])c2[nH]cc(OC)c12",
      "svg": "",
      "traceability": [
        {
          "block_label": "Block 1",
          "block_priority": 1,
          "bond_order": 1,
          "round_index": 1,
          "site_atom_index": 17,
          "source_kind": "catalog",
          "substituent_name": "Methoxy",
          "substituent_smiles": "[O][CH3]",
          "substituent_stable_id": "6de11967-8a23-43e2-b699-36414c7c16c3",
          "substituent_version": 1
        }
      ]
    },
    {
      "name": "smileit_run_00010",
      "placeholder_assignments": [
        {
          "placeholder_label": "R1",
          "site_atom_index": 17,
          "substituent_name": "Fluoromethane",
          "substituent_smiles": "[CH2]F"
        }
      ],
      "smiles": "C=CCCNc1c(O)c(O)c([N+](=O)[O-])c2[nH]cc([CH]F)c12",
      "svg": "",
      "traceability": [
        {
          "block_label": "Block 1",
          "block_priority": 1,
          "bond_order": 1,
          "round_index": 1,
          "site_atom_index": 17,
          "source_kind": "catalog",
          "substituent_name": "Fluoromethane",
          "substituent_smiles": "[CH2]F",
          "substituent_stable_id": "8030892b-5457-486c-86a3-b04a6815283e",
          "substituent_version": 1
        }
      ]
    },
    {
      "name": "smileit_run_00011",
      "placeholder_assignments": [
        {
          "placeholder_label": "R1",
          "site_atom_index": 17,
          "substituent_name": "Thiol",
          "substituent_smiles": "[SH]"
        }
      ],
      "smiles": "C=CCCNc1c(O)c(O)c([N+](=O)[O-])c2[nH]cc([S])c12",
      "svg": "",
      "traceability": [
        {
          "block_label": "Block 1",
          "block_priority": 1,
          "bond_order": 1,
          "round_index": 1,
          "site_atom_index": 17,
          "source_kind": "catalog",
          "substituent_name": "Thiol",
          "substituent_smiles": "[SH]",
          "substituent_stable_id": "9a8a5f8b-f08c-4155-8734-99be6e3ba255",
          "substituent_version": 1
        }
      ]
    },
    {
      "name": "smileit_run_00012",
      "placeholder_assignments": [
        {
          "placeholder_label": "R1",
          "site_atom_index": 17,
          "substituent_name": "Alcohol",
          "substituent_smiles": "[OH]"
        }
      ],
      "smiles": "C=CCCNc1c(O)c(O)c([N+](=O)[O-])c2[nH]cc([O])c12",
      "svg": "",
      "traceability": [
        {
          "block_label": "Block 1",
          "block_priority": 1,
          "bond_order": 1,
          "round_index": 1,
          "site_atom_index": 17,
          "source_kind": "catalog",
          "substituent_name": "Alcohol",
          "substituent_smiles": "[OH]",
          "substituent_stable_id": "9d2f9050-0d79-40dc-89ee-8613379b7515",
          "substituent_version": 1
        }
      ]
    },
    {
      "name": "smileit_run_00013",
      "placeholder_assignments": [
        {
          "placeholder_label": "R1",
          "site_atom_index": 17,
          "substituent_name": "MethylEster",
          "substituent_smiles": "C(=O)OC"
        }
      ],
      "smiles": "C=CCCNc1c(O)c(O)c([N+](=O)[O-])c2[nH]cc(C(=O)OC)c12",
      "svg": "",
      "traceability": [
        {
          "block_label": "Block 1",
          "block_priority": 1,
          "bond_order": 1,
          "round_index": 1,
          "site_atom_index": 17,
          "source_kind": "catalog",
          "substituent_name": "MethylEster",
          "substituent_smiles": "C(=O)OC",
          "substituent_stable_id": "d1efdd07-6269-4213-bcd0-825397e230af",
          "substituent_version": 1
        }
      ]
    },
    {
      "name": "smileit_run_00014",
      "placeholder_assignments": [
        {
          "placeholder_label": "R1",
          "site_atom_index": 17,
          "substituent_name": "EthylMethylAmine",
          "substituent_smiles": "N(C)(CC)"
        }
      ],
      "smiles": "C=CCCNc1c(O)c(O)c([N+](=O)[O-])c2[nH]cc(N(C)CC)c12",
      "svg": "",
      "traceability": [
        {
          "block_label": "Block 1",
          "block_priority": 1,
          "bond_order": 1,
          "round_index": 1,
          "site_atom_index": 17,
          "source_kind": "catalog",
          "substituent_name": "EthylMethylAmine",
          "substituent_smiles": "N(C)(CC)",
          "substituent_stable_id": "e7ce03c3-898c-4d90-81de-a6c1170e3c40",
          "substituent_version": 1
        }
      ]
    },
    {
      "name": "smileit_run_00015",
      "placeholder_assignments": [
        {
          "placeholder_label": "R1",
          "site_atom_index": 17,
          "substituent_name": "Trifluoromethane",
          "substituent_smiles": "[CH](F)(F)F"
        }
      ],
      "smiles": "C=CCCNc1c(O)c(O)c([N+](=O)[O-])c2[nH]cc(C(F)(F)F)c12",
      "svg": "",
      "traceability": [
        {
          "block_label": "Block 1",
          "block_priority": 1,
          "bond_order": 1,
          "round_index": 1,
          "site_atom_index": 17,
          "source_kind": "catalog",
          "substituent_name": "Trifluoromethane",
          "substituent_smiles": "[CH](F)(F)F",
          "substituent_stable_id": "e9e5ae92-40f0-4aad-a5ac-1c3e12c4283c",
          "substituent_version": 1
        }
      ]
    },
    {
      "name": "smileit_run_00016",
      "placeholder_assignments": [
        {
          "placeholder_label": "R1",
          "site_atom_index": 17,
          "substituent_name": "Malo 111",
          "substituent_smiles": "O=CO"
        }
      ],
      "smiles": "C=CCCNc1c(O)c(O)c([N+](=O)[O-])c2[nH]cc(OC=O)c12",
      "svg": "",
      "traceability": [
        {
          "block_label": "Block 1",
          "block_priority": 1,
          "bond_order": 1,
          "round_index": 1,
          "site_atom_index": 17,
          "source_kind": "catalog",
          "substituent_name": "Malo 111",
          "substituent_smiles": "O=CO",
          "substituent_stable_id": "ea342ffd-708b-4ca5-9fdb-a561bcce8c7e",
          "substituent_version": 1
        }
      ]
    },
    {
      "name": "smileit_run_00017",
      "placeholder_assignments": [
        {
          "placeholder_label": "R1",
          "site_atom_index": 17,
          "substituent_name": "Dichloromethane",
          "substituent_smiles": "[CH](Cl)Cl"
        }
      ],
      "smiles": "C=CCCNc1c(O)c(O)c([N+](=O)[O-])c2[nH]cc([C](Cl)Cl)c12",
      "svg": "",
      "traceability": [
        {
          "block_label": "Block 1",
          "block_priority": 1,
          "bond_order": 1,
          "round_index": 1,
          "site_atom_index": 17,
          "source_kind": "catalog",
          "substituent_name": "Dichloromethane",
          "substituent_smiles": "[CH](Cl)Cl",
          "substituent_stable_id": "ed5cbd39-4f1e-4241-99bb-00d340c6de71",
          "substituent_version": 1
        }
      ]
    },
    {
      "name": "smileit_run_00018",
      "placeholder_assignments": [
        {
          "placeholder_label": "R1",
          "site_atom_index": 17,
          "substituent_name": "Malo 11",
          "substituent_smiles": "O=CO"
        }
      ],
      "smiles": "C=CCCNc1c(O)c(O)c([N+](=O)[O-])c2[nH]cc(C(=O)O)c12",
      "svg": "",
      "traceability": [
        {
          "block_label": "Block 1",
          "block_priority": 1,
          "bond_order": 1,
          "round_index": 1,
          "site_atom_index": 17,
          "source_kind": "catalog",
          "substituent_name": "Malo 11",
          "substituent_smiles": "O=CO",
          "substituent_stable_id": "fd36879a-04fa-437f-8c9e-d7adc6491380",
          "substituent_version": 1
        }
      ]
    },
    {
      "name": "smileit_run_00019",
      "placeholder_assignments": [
        {
          "placeholder_label": "R1",
          "site_atom_index": 16,
          "substituent_name": "Trifluoromethane",
          "substituent_smiles": "[CH](F)(F)F"
        },
        {
          "placeholder_label": "R2",
          "site_atom_index": 17,
          "substituent_name": "Chlorine",
          "substituent_smiles": "[Cl]"
        }
      ],
      "smiles": "C=CCCNc1c(O)c(O)c([N+](=O)[O-])c2[nH]c(C(F)(F)F)c(Cl)c12",
      "svg": "",
      "traceability": [
        {
          "block_label": "Block 3",
          "block_priority": 2,
          "bond_order": 1,
          "round_index": 1,
          "site_atom_index": 16,
          "source_kind": "catalog",
          "substituent_name": "Trifluoromethane",
          "substituent_smiles": "[CH](F)(F)F",
          "substituent_stable_id": "e9e5ae92-40f0-4aad-a5ac-1c3e12c4283c",
          "substituent_version": 1
        },
        {
          "block_label": "Block 1",
          "block_priority": 1,
          "bond_order": 1,
          "round_index": 2,
          "site_atom_index": 17,
          "source_kind": "catalog",
          "substituent_name": "Chlorine",
          "substituent_smiles": "[Cl]",
          "substituent_stable_id": "133afc65-f77a-46dd-8bd8-65f33f644c50",
          "substituent_version": 1
        }
      ]
    },
    {
      "name": "smileit_run_00020",
      "placeholder_assignments": [
        {
          "placeholder_label": "R1",
          "site_atom_index": 16,
          "substituent_name": "Trifluoromethane",
          "substituent_smiles": "[CH](F)(F)F"
        },
        {
          "placeholder_label": "R2",
          "site_atom_index": 17,
          "substituent_name": "Fluorine",
          "substituent_smiles": "[F]"
        }
      ],
      "smiles": "C=CCCNc1c(O)c(O)c([N+](=O)[O-])c2[nH]c(C(F)(F)F)c(F)c12",
      "svg": "",
      "traceability": [
        {
          "block_label": "Block 3",
          "block_priority": 2,
          "bond_order": 1,
          "round_index": 1,
          "site_atom_index": 16,
          "source_kind": "catalog",
          "substituent_name": "Trifluoromethane",
          "substituent_smiles": "[CH](F)(F)F",
          "substituent_stable_id": "e9e5ae92-40f0-4aad-a5ac-1c3e12c4283c",
          "substituent_version": 1
        },
        {
          "block_label": "Block 1",
          "block_priority": 1,
          "bond_order": 1,
          "round_index": 2,
          "site_atom_index": 17,
          "source_kind": "catalog",
          "substituent_name": "Fluorine",
          "substituent_smiles": "[F]",
          "substituent_stable_id": "26b78864-82ef-4ab1-b661-e942073186e0",
          "substituent_version": 1
        }
      ]
    },
    {
      "name": "smileit_run_00021",
      "placeholder_assignments": [
        {
          "placeholder_label": "R1",
          "site_atom_index": 16,
          "substituent_name": "Trifluoromethane",
          "substituent_smiles": "[CH](F)(F)F"
        },
        {
          "placeholder_label": "R2",
          "site_atom_index": 17,
          "substituent_name": "Chloromethane",
          "substituent_smiles": "[CH2]Cl"
        }
      ],
      "smiles": "C=CCCNc1c(O)c(O)c([N+](=O)[O-])c2[nH]c(C(F)(F)F)c([CH]Cl)c12",
      "svg": "",
      "traceability": [
        {
          "block_label": "Block 3",
          "block_priority": 2,
          "bond_order": 1,
          "round_index": 1,
          "site_atom_index": 16,
          "source_kind": "catalog",
          "substituent_name": "Trifluoromethane",
          "substituent_smiles": "[CH](F)(F)F",
          "substituent_stable_id": "e9e5ae92-40f0-4aad-a5ac-1c3e12c4283c",
          "substituent_version": 1
        },
        {
          "block_label": "Block 1",
          "block_priority": 1,
          "bond_order": 1,
          "round_index": 2,
          "site_atom_index": 17,
          "source_kind": "catalog",
          "substituent_name": "Chloromethane",
          "substituent_smiles": "[CH2]Cl",
          "substituent_stable_id": "287f69e4-b376-4609-af35-e9def2485be9",
          "substituent_version": 1
        }
      ]
    },
    {
      "name": "smileit_run_00022",
      "placeholder_assignments": [
        {
          "placeholder_label": "R1",
          "site_atom_index": 16,
          "substituent_name": "Trifluoromethane",
          "substituent_smiles": "[CH](F)(F)F"
        },
        {
          "placeholder_label": "R2",
          "site_atom_index": 17,
          "substituent_name": "Difluoromethane",
          "substituent_smiles": "[CH](F)F"
        }
      ],
      "smiles": "C=CCCNc1c(O)c(O)c([N+](=O)[O-])c2[nH]c(C(F)(F)F)c([C](F)F)c12",
      "svg": "",
      "traceability": [
        {
          "block_label": "Block 3",
          "block_priority": 2,
          "bond_order": 1,
          "round_index": 1,
          "site_atom_index": 16,
          "source_kind": "catalog",
          "substituent_name": "Trifluoromethane",
          "substituent_smiles": "[CH](F)(F)F",
          "substituent_stable_id": "e9e5ae92-40f0-4aad-a5ac-1c3e12c4283c",
          "substituent_version": 1
        },
        {
          "block_label": "Block 1",
          "block_priority": 1,
          "bond_order": 1,
          "round_index": 2,
          "site_atom_index": 17,
          "source_kind": "catalog",
          "substituent_name": "Difluoromethane",
          "substituent_smiles": "[CH](F)F",
          "substituent_stable_id": "2cb13828-de78-48fc-b8ca-ee17cf519446",
          "substituent_version": 1
        }
      ]
    },
    {
      "name": "smileit_run_00023",
      "placeholder_assignments": [
        {
          "placeholder_label": "R1",
          "site_atom_index": 16,
          "substituent_name": "Trifluoromethane",
          "substituent_smiles": "[CH](F)(F)F"
        },
        {
          "placeholder_label": "R2",
          "site_atom_index": 17,
          "substituent_name": "Aldehyde",
          "substituent_smiles": "[CH]=O"
        }
      ],
      "smiles": "C=CCCNc1c(O)c(O)c([N+](=O)[O-])c2[nH]c(C(F)(F)F)c([C]=O)c12",
      "svg": "",
      "traceability": [
        {
          "block_label": "Block 3",
          "block_priority": 2,
          "bond_order": 1,
          "round_index": 1,
          "site_atom_index": 16,
          "source_kind": "catalog",
          "substituent_name": "Trifluoromethane",
          "substituent_smiles": "[CH](F)(F)F",
          "substituent_stable_id": "e9e5ae92-40f0-4aad-a5ac-1c3e12c4283c",
          "substituent_version": 1
        },
        {
          "block_label": "Block 1",
          "block_priority": 1,
          "bond_order": 1,
          "round_index": 2,
          "site_atom_index": 17,
          "source_kind": "catalog",
          "substituent_name": "Aldehyde",
          "substituent_smiles": "[CH]=O",
          "substituent_stable_id": "44b36e12-0f64-4b96-a502-240553466e72",
          "substituent_version": 1
        }
      ]
    },
    {
      "name": "smileit_run_00024",
      "placeholder_assignments": [
        {
          "placeholder_label": "R1",
          "site_atom_index": 16,
          "substituent_name": "Trifluoromethane",
          "substituent_smiles": "[CH](F)(F)F"
        },
        {
          "placeholder_label": "R2",
          "site_atom_index": 17,
          "substituent_name": "Benzene",
          "substituent_smiles": "c1ccccc1"
        }
      ],
      "smiles": "C=CCCNc1c(O)c(O)c([N+](=O)[O-])c2[nH]c(C(F)(F)F)c(-c3ccccc3)c12",
      "svg": "",
      "traceability": [
        {
          "block_label": "Block 3",
          "block_priority": 2,
          "bond_order": 1,
          "round_index": 1,
          "site_atom_index": 16,
          "source_kind": "catalog",
          "substituent_name": "Trifluoromethane",
          "substituent_smiles": "[CH](F)(F)F",
          "substituent_stable_id": "e9e5ae92-40f0-4aad-a5ac-1c3e12c4283c",
          "substituent_version": 1
        },
        {
          "block_label": "Block 1",
          "block_priority": 1,
          "bond_order": 1,
          "round_index": 2,
          "site_atom_index": 17,
          "source_kind": "catalog",
          "substituent_name": "Benzene",
          "substituent_smiles": "c1ccccc1",
          "substituent_stable_id": "4771bea5-bab9-47d1-b503-1634308374f1",
          "substituent_version": 1
        }
      ]
    },
    {
      "name": "smileit_run_00025",
      "placeholder_assignments": [
        {
          "placeholder_label": "R1",
          "site_atom_index": 16,
          "substituent_name": "Trifluoromethane",
          "substituent_smiles": "[CH](F)(F)F"
        },
        {
          "placeholder_label": "R2",
          "site_atom_index": 17,
          "substituent_name": "Amine",
          "substituent_smiles": "[NH2]"
        }
      ],
      "smiles": "C=CCCNc1c(O)c(O)c([N+](=O)[O-])c2[nH]c(C(F)(F)F)c([NH])c12",
      "svg": "",
      "traceability": [
        {
          "block_label": "Block 3",
          "block_priority": 2,
          "bond_order": 1,
          "round_index": 1,
          "site_atom_index": 16,
          "source_kind": "catalog",
          "substituent_name": "Trifluoromethane",
          "substituent_smiles": "[CH](F)(F)F",
          "substituent_stable_id": "e9e5ae92-40f0-4aad-a5ac-1c3e12c4283c",
          "substituent_version": 1
        },
        {
          "block_label": "Block 1",
          "block_priority": 1,
          "bond_order": 1,
          "round_index": 2,
          "site_atom_index": 17,
          "source_kind": "catalog",
          "substituent_name": "Amine",
          "substituent_smiles": "[NH2]",
          "substituent_stable_id": "4d9425af-4a62-43d3-9e79-2746b855885b",
          "substituent_version": 1
        }
      ]
    },
    {
      "name": "smileit_run_00026",
      "placeholder_assignments": [
        {
          "placeholder_label": "R1",
          "site_atom_index": 16,
          "substituent_name": "Trifluoromethane",
          "substituent_smiles": "[CH](F)(F)F"
        },
        {
          "placeholder_label": "R2",
          "site_atom_index": 17,
          "substituent_name": "Methoxy",
          "substituent_smiles": "[O][CH3]"
        }
      ],
      "smiles": "C=CCCNc1c(O)c(O)c([N+](=O)[O-])c2[nH]c(C(F)(F)F)c(OC)c12",
      "svg": "",
      "traceability": [
        {
          "block_label": "Block 3",
          "block_priority": 2,
          "bond_order": 1,
          "round_index": 1,
          "site_atom_index": 16,
          "source_kind": "catalog",
          "substituent_name": "Trifluoromethane",
          "substituent_smiles": "[CH](F)(F)F",
          "substituent_stable_id": "e9e5ae92-40f0-4aad-a5ac-1c3e12c4283c",
          "substituent_version": 1
        },
        {
          "block_label": "Block 1",
          "block_priority": 1,
          "bond_order": 1,
          "round_index": 2,
          "site_atom_index": 17,
          "source_kind": "catalog",
          "substituent_name": "Methoxy",
          "substituent_smiles": "[O][CH3]",
          "substituent_stable_id": "6de11967-8a23-43e2-b699-36414c7c16c3",
          "substituent_version": 1
        }
      ]
    },
    {
      "name": "smileit_run_00027",
      "placeholder_assignments": [
        {
          "placeholder_label": "R1",
          "site_atom_index": 16,
          "substituent_name": "Trifluoromethane",
          "substituent_smiles": "[CH](F)(F)F"
        },
        {
          "placeholder_label": "R2",
          "site_atom_index": 17,
          "substituent_name": "Fluoromethane",
          "substituent_smiles": "[CH2]F"
        }
      ],
      "smiles": "C=CCCNc1c(O)c(O)c([N+](=O)[O-])c2[nH]c(C(F)(F)F)c([CH]F)c12",
      "svg": "",
      "traceability": [
        {
          "block_label": "Block 3",
          "block_priority": 2,
          "bond_order": 1,
          "round_index": 1,
          "site_atom_index": 16,
          "source_kind": "catalog",
          "substituent_name": "Trifluoromethane",
          "substituent_smiles": "[CH](F)(F)F",
          "substituent_stable_id": "e9e5ae92-40f0-4aad-a5ac-1c3e12c4283c",
          "substituent_version": 1
        },
        {
          "block_label": "Block 1",
          "block_priority": 1,
          "bond_order": 1,
          "round_index": 2,
          "site_atom_index": 17,
          "source_kind": "catalog",
          "substituent_name": "Fluoromethane",
          "substituent_smiles": "[CH2]F",
          "substituent_stable_id": "8030892b-5457-486c-86a3-b04a6815283e",
          "substituent_version": 1
        }
      ]
    },
    {
      "name": "smileit_run_00028",
      "placeholder_assignments": [
        {
          "placeholder_label": "R1",
          "site_atom_index": 16,
          "substituent_name": "Trifluoromethane",
          "substituent_smiles": "[CH](F)(F)F"
        },
        {
          "placeholder_label": "R2",
          "site_atom_index": 17,
          "substituent_name": "Thiol",
          "substituent_smiles": "[SH]"
        }
      ],
      "smiles": "C=CCCNc1c(O)c(O)c([N+](=O)[O-])c2[nH]c(C(F)(F)F)c([S])c12",
      "svg": "",
      "traceability": [
        {
          "block_label": "Block 3",
          "block_priority": 2,
          "bond_order": 1,
          "round_index": 1,
          "site_atom_index": 16,
          "source_kind": "catalog",
          "substituent_name": "Trifluoromethane",
          "substituent_smiles": "[CH](F)(F)F",
          "substituent_stable_id": "e9e5ae92-40f0-4aad-a5ac-1c3e12c4283c",
          "substituent_version": 1
        },
        {
          "block_label": "Block 1",
          "block_priority": 1,
          "bond_order": 1,
          "round_index": 2,
          "site_atom_index": 17,
          "source_kind": "catalog",
          "substituent_name": "Thiol",
          "substituent_smiles": "[SH]",
          "substituent_stable_id": "9a8a5f8b-f08c-4155-8734-99be6e3ba255",
          "substituent_version": 1
        }
      ]
    },
    {
      "name": "smileit_run_00029",
      "placeholder_assignments": [
        {
          "placeholder_label": "R1",
          "site_atom_index": 16,
          "substituent_name": "Trifluoromethane",
          "substituent_smiles": "[CH](F)(F)F"
        },
        {
          "placeholder_label": "R2",
          "site_atom_index": 17,
          "substituent_name": "Alcohol",
          "substituent_smiles": "[OH]"
        }
      ],
      "smiles": "C=CCCNc1c(O)c(O)c([N+](=O)[O-])c2[nH]c(C(F)(F)F)c([O])c12",
      "svg": "",
      "traceability": [
        {
          "block_label": "Block 3",
          "block_priority": 2,
          "bond_order": 1,
          "round_index": 1,
          "site_atom_index": 16,
          "source_kind": "catalog",
          "substituent_name": "Trifluoromethane",
          "substituent_smiles": "[CH](F)(F)F",
          "substituent_stable_id": "e9e5ae92-40f0-4aad-a5ac-1c3e12c4283c",
          "substituent_version": 1
        },
        {
          "block_label": "Block 1",
          "block_priority": 1,
          "bond_order": 1,
          "round_index": 2,
          "site_atom_index": 17,
          "source_kind": "catalog",
          "substituent_name": "Alcohol",
          "substituent_smiles": "[OH]",
          "substituent_stable_id": "9d2f9050-0d79-40dc-89ee-8613379b7515",
          "substituent_version": 1
        }
      ]
    },
    {
      "name": "smileit_run_00030",
      "placeholder_assignments": [
        {
          "placeholder_label": "R1",
          "site_atom_index": 16,
          "substituent_name": "Trifluoromethane",
          "substituent_smiles": "[CH](F)(F)F"
        },
        {
          "placeholder_label": "R2",
          "site_atom_index": 17,
          "substituent_name": "MethylEster",
          "substituent_smiles": "C(=O)OC"
        }
      ],
      "smiles": "C=CCCNc1c(O)c(O)c([N+](=O)[O-])c2[nH]c(C(F)(F)F)c(C(=O)OC)c12",
      "svg": "",
      "traceability": [
        {
          "block_label": "Block 3",
          "block_priority": 2,
          "bond_order": 1,
          "round_index": 1,
          "site_atom_index": 16,
          "source_kind": "catalog",
          "substituent_name": "Trifluoromethane",
          "substituent_smiles": "[CH](F)(F)F",
          "substituent_stable_id": "e9e5ae92-40f0-4aad-a5ac-1c3e12c4283c",
          "substituent_version": 1
        },
        {
          "block_label": "Block 1",
          "block_priority": 1,
          "bond_order": 1,
          "round_index": 2,
          "site_atom_index": 17,
          "source_kind": "catalog",
          "substituent_name": "MethylEster",
          "substituent_smiles": "C(=O)OC",
          "substituent_stable_id": "d1efdd07-6269-4213-bcd0-825397e230af",
          "substituent_version": 1
        }
      ]
    },
    {
      "name": "smileit_run_00031",
      "placeholder_assignments": [
        {
          "placeholder_label": "R1",
          "site_atom_index": 16,
          "substituent_name": "Trifluoromethane",
          "substituent_smiles": "[CH](F)(F)F"
        },
        {
          "placeholder_label": "R2",
          "site_atom_index": 17,
          "substituent_name": "EthylMethylAmine",
          "substituent_smiles": "N(C)(CC)"
        }
      ],
      "smiles": "C=CCCNc1c(O)c(O)c([N+](=O)[O-])c2[nH]c(C(F)(F)F)c(N(C)CC)c12",
      "svg": "",
      "traceability": [
        {
          "block_label": "Block 3",
          "block_priority": 2,
          "bond_order": 1,
          "round_index": 1,
          "site_atom_index": 16,
          "source_kind": "catalog",
          "substituent_name": "Trifluoromethane",
          "substituent_smiles": "[CH](F)(F)F",
          "substituent_stable_id": "e9e5ae92-40f0-4aad-a5ac-1c3e12c4283c",
          "substituent_version": 1
        },
        {
          "block_label": "Block 1",
          "block_priority": 1,
          "bond_order": 1,
          "round_index": 2,
          "site_atom_index": 17,
          "source_kind": "catalog",
          "substituent_name": "EthylMethylAmine",
          "substituent_smiles": "N(C)(CC)",
          "substituent_stable_id": "e7ce03c3-898c-4d90-81de-a6c1170e3c40",
          "substituent_version": 1
        }
      ]
    },
    {
      "name": "smileit_run_00032",
      "placeholder_assignments": [
        {
          "placeholder_label": "R1",
          "site_atom_index": 16,
          "substituent_name": "Trifluoromethane",
          "substituent_smiles": "[CH](F)(F)F"
        },
        {
          "placeholder_label": "R2",
          "site_atom_index": 17,
          "substituent_name": "Trifluoromethane",
          "substituent_smiles": "[CH](F)(F)F"
        }
      ],
      "smiles": "C=CCCNc1c(O)c(O)c([N+](=O)[O-])c2[nH]c(C(F)(F)F)c(C(F)(F)F)c12",
      "svg": "",
      "traceability": [
        {
          "block_label": "Block 3",
          "block_priority": 2,
          "bond_order": 1,
          "round_index": 1,
          "site_atom_index": 16,
          "source_kind": "catalog",
          "substituent_name": "Trifluoromethane",
          "substituent_smiles": "[CH](F)(F)F",
          "substituent_stable_id": "e9e5ae92-40f0-4aad-a5ac-1c3e12c4283c",
          "substituent_version": 1
        },
        {
          "block_label": "Block 1",
          "block_priority": 1,
          "bond_order": 1,
          "round_index": 2,
          "site_atom_index": 17,
          "source_kind": "catalog",
          "substituent_name": "Trifluoromethane",
          "substituent_smiles": "[CH](F)(F)F",
          "substituent_stable_id": "e9e5ae92-40f0-4aad-a5ac-1c3e12c4283c",
          "substituent_version": 1
        }
      ]
    },
    {
      "name": "smileit_run_00033",
      "placeholder_assignments": [
        {
          "placeholder_label": "R1",
          "site_atom_index": 16,
          "substituent_name": "Trifluoromethane",
          "substituent_smiles": "[CH](F)(F)F"
        },
        {
          "placeholder_label": "R2",
          "site_atom_index": 17,
          "substituent_name": "Malo 111",
          "substituent_smiles": "O=CO"
        }
      ],
      "smiles": "C=CCCNc1c(O)c(O)c([N+](=O)[O-])c2[nH]c(C(F)(F)F)c(OC=O)c12",
      "svg": "",
      "traceability": [
        {
          "block_label": "Block 3",
          "block_priority": 2,
          "bond_order": 1,
          "round_index": 1,
          "site_atom_index": 16,
          "source_kind": "catalog",
          "substituent_name": "Trifluoromethane",
          "substituent_smiles": "[CH](F)(F)F",
          "substituent_stable_id": "e9e5ae92-40f0-4aad-a5ac-1c3e12c4283c",
          "substituent_version": 1
        },
        {
          "block_label": "Block 1",
          "block_priority": 1,
          "bond_order": 1,
          "round_index": 2,
          "site_atom_index": 17,
          "source_kind": "catalog",
          "substituent_name": "Malo 111",
          "substituent_smiles": "O=CO",
          "substituent_stable_id": "ea342ffd-708b-4ca5-9fdb-a561bcce8c7e",
          "substituent_version": 1
        }
      ]
    },
    {
      "name": "smileit_run_00034",
      "placeholder_assignments": [
        {
          "placeholder_label": "R1",
          "site_atom_index": 16,
          "substituent_name": "Trifluoromethane",
          "substituent_smiles": "[CH](F)(F)F"
        },
        {
          "placeholder_label": "R2",
          "site_atom_index": 17,
          "substituent_name": "Dichloromethane",
          "substituent_smiles": "[CH](Cl)Cl"
        }
      ],
      "smiles": "C=CCCNc1c(O)c(O)c([N+](=O)[O-])c2[nH]c(C(F)(F)F)c([C](Cl)Cl)c12",
      "svg": "",
      "traceability": [
        {
          "block_label": "Block 3",
          "block_priority": 2,
          "bond_order": 1,
          "round_index": 1,
          "site_atom_index": 16,
          "source_kind": "catalog",
          "substituent_name": "Trifluoromethane",
          "substituent_smiles": "[CH](F)(F)F",
          "substituent_stable_id": "e9e5ae92-40f0-4aad-a5ac-1c3e12c4283c",
          "substituent_version": 1
        },
        {
          "block_label": "Block 1",
          "block_priority": 1,
          "bond_order": 1,
          "round_index": 2,
          "site_atom_index": 17,
          "source_kind": "catalog",
          "substituent_name": "Dichloromethane",
          "substituent_smiles": "[CH](Cl)Cl",
          "substituent_stable_id": "ed5cbd39-4f1e-4241-99bb-00d340c6de71",
          "substituent_version": 1
        }
      ]
    },
    {
      "name": "smileit_run_00035",
      "placeholder_assignments": [
        {
          "placeholder_label": "R1",
          "site_atom_index": 16,
          "substituent_name": "Trifluoromethane",
          "substituent_smiles": "[CH](F)(F)F"
        },
        {
          "placeholder_label": "R2",
          "site_atom_index": 17,
          "substituent_name": "Malo 11",
          "substituent_smiles": "O=CO"
        }
      ],
      "smiles": "C=CCCNc1c(O)c(O)c([N+](=O)[O-])c2[nH]c(C(F)(F)F)c(C(=O)O)c12",
      "svg": "",
      "traceability": [
        {
          "block_label": "Block 3",
          "block_priority": 2,
          "bond_order": 1,
          "round_index": 1,
          "site_atom_index": 16,
          "source_kind": "catalog",
          "substituent_name": "Trifluoromethane",
          "substituent_smiles": "[CH](F)(F)F",
          "substituent_stable_id": "e9e5ae92-40f0-4aad-a5ac-1c3e12c4283c",
          "substituent_version": 1
        },
        {
          "block_label": "Block 1",
          "block_priority": 1,
          "bond_order": 1,
          "round_index": 2,
          "site_atom_index": 17,
          "source_kind": "catalog",
          "substituent_name": "Malo 11",
          "substituent_smiles": "O=CO",
          "substituent_stable_id": "fd36879a-04fa-437f-8c9e-d7adc6491380",
          "substituent_version": 1
        }
      ]
    }
  ],
  "principal_smiles": "C=CCCNc1c(O)c(O)c([N+](=O)[O-])c2[nH]ccc12",
  "references": {
    "categories": [],
    "patterns": [
      {
        "pattern_type": "privileged",
        "stable_id": "bee090e8-b983-4775-b564-74565f34c66a",
        "version": 1
      },
      {
        "pattern_type": "privileged",
        "stable_id": "a2034040-41bc-4dad-9d8d-8acd1a117093",
        "version": 1
      },
      {
        "pattern_type": "privileged",
        "stable_id": "92a76979-ad6e-48e1-9589-81995b50c7ad",
        "version": 1
      },
      {
        "pattern_type": "toxicophore",
        "stable_id": "c8e17fd9-76dd-4ccb-8cb3-367aa4f38ebe",
        "version": 1
      },
      {
        "pattern_type": "toxicophore",
        "stable_id": "967a0246-200a-4b68-b75e-7a3e77ee77d9",
        "version": 1
      }
    ],
    "substituents": [
      {
        "stable_id": "4771bea5-bab9-47d1-b503-1634308374f1",
        "version": 1
      },
      {
        "stable_id": "44b36e12-0f64-4b96-a502-240553466e72",
        "version": 1
      },
      {
        "stable_id": "9d2f9050-0d79-40dc-89ee-8613379b7515",
        "version": 1
      },
      {
        "stable_id": "e7ce03c3-898c-4d90-81de-a6c1170e3c40",
        "version": 1
      },
      {
        "stable_id": "d1efdd07-6269-4213-bcd0-825397e230af",
        "version": 1
      },
      {
        "stable_id": "6de11967-8a23-43e2-b699-36414c7c16c3",
        "version": 1
      },
      {
        "stable_id": "4d9425af-4a62-43d3-9e79-2746b855885b",
        "version": 1
      },
      {
        "stable_id": "4f322c6b-7af4-47d0-b2b8-b08f86b12e9a",
        "version": 1
      },
      {
        "stable_id": "9a8a5f8b-f08c-4155-8734-99be6e3ba255",
        "version": 1
      },
      {
        "stable_id": "133afc65-f77a-46dd-8bd8-65f33f644c50",
        "version": 1
      },
      {
        "stable_id": "287f69e4-b376-4609-af35-e9def2485be9",
        "version": 1
      },
      {
        "stable_id": "ed5cbd39-4f1e-4241-99bb-00d340c6de71",
        "version": 1
      },
      {
        "stable_id": "2cb13828-de78-48fc-b8ca-ee17cf519446",
        "version": 1
      },
      {
        "stable_id": "26b78864-82ef-4ab1-b661-e942073186e0",
        "version": 1
      },
      {
        "stable_id": "8030892b-5457-486c-86a3-b04a6815283e",
        "version": 1
      },
      {
        "stable_id": "e9e5ae92-40f0-4aad-a5ac-1c3e12c4283c",
        "version": 1
      },
      {
        "stable_id": "1d0ef924-89ea-4674-9360-0c5a9a198002",
        "version": 1
      },
      {
        "stable_id": "ea342ffd-708b-4ca5-9fdb-a561bcce8c7e",
        "version": 1
      },
      {
        "stable_id": "fd36879a-04fa-437f-8c9e-d7adc6491380",
        "version": 1
      }
    ]
  },
  "selected_atom_indices": [
    16,
    17,
    18
  ],
  "total_generated": 35,
  "traceability_rows": [
    {
      "block_label": "Block 3",
      "block_priority": 2,
      "bond_order": 1,
      "derivative_name": "smileit_run_00001",
      "derivative_smiles": "C=CCCNc1c(O)c(O)c([N+](=O)[O-])c2[nH]c(C(F)(F)F)cc12",
      "round_index": 1,
      "site_atom_index": 16,
      "source_kind": "catalog",
      "substituent_name": "Trifluoromethane",
      "substituent_smiles": "[CH](F)(F)F",
      "substituent_stable_id": "e9e5ae92-40f0-4aad-a5ac-1c3e12c4283c",
      "substituent_version": 1
    },
    {
      "block_label": "Block 1",
      "block_priority": 1,
      "bond_order": 1,
      "derivative_name": "smileit_run_00002",
      "derivative_smiles": "C=CCCNc1c(O)c(O)c([N+](=O)[O-])c2[nH]cc(Cl)c12",
      "round_index": 1,
      "site_atom_index": 17,
      "source_kind": "catalog",
      "substituent_name": "Chlorine",
      "substituent_smiles": "[Cl]",
      "substituent_stable_id": "133afc65-f77a-46dd-8bd8-65f33f644c50",
      "substituent_version": 1
    },
    {
      "block_label": "Block 1",
      "block_priority": 1,
      "bond_order": 1,
      "derivative_name": "smileit_run_00003",
      "derivative_smiles": "C=CCCNc1c(O)c(O)c([N+](=O)[O-])c2[nH]cc(F)c12",
      "round_index": 1,
      "site_atom_index": 17,
      "source_kind": "catalog",
      "substituent_name": "Fluorine",
      "substituent_smiles": "[F]",
      "substituent_stable_id": "26b78864-82ef-4ab1-b661-e942073186e0",
      "substituent_version": 1
    },
    {
      "block_label": "Block 1",
      "block_priority": 1,
      "bond_order": 1,
      "derivative_name": "smileit_run_00004",
      "derivative_smiles": "C=CCCNc1c(O)c(O)c([N+](=O)[O-])c2[nH]cc([CH]Cl)c12",
      "round_index": 1,
      "site_atom_index": 17,
      "source_kind": "catalog",
      "substituent_name": "Chloromethane",
      "substituent_smiles": "[CH2]Cl",
      "substituent_stable_id": "287f69e4-b376-4609-af35-e9def2485be9",
      "substituent_version": 1
    },
    {
      "block_label": "Block 1",
      "block_priority": 1,
      "bond_order": 1,
      "derivative_name": "smileit_run_00005",
      "derivative_smiles": "C=CCCNc1c(O)c(O)c([N+](=O)[O-])c2[nH]cc([C](F)F)c12",
      "round_index": 1,
      "site_atom_index": 17,
      "source_kind": "catalog",
      "substituent_name": "Difluoromethane",
      "substituent_smiles": "[CH](F)F",
      "substituent_stable_id": "2cb13828-de78-48fc-b8ca-ee17cf519446",
      "substituent_version": 1
    },
    {
      "block_label": "Block 1",
      "block_priority": 1,
      "bond_order": 1,
      "derivative_name": "smileit_run_00006",
      "derivative_smiles": "C=CCCNc1c(O)c(O)c([N+](=O)[O-])c2[nH]cc([C]=O)c12",
      "round_index": 1,
      "site_atom_index": 17,
      "source_kind": "catalog",
      "substituent_name": "Aldehyde",
      "substituent_smiles": "[CH]=O",
      "substituent_stable_id": "44b36e12-0f64-4b96-a502-240553466e72",
      "substituent_version": 1
    },
    {
      "block_label": "Block 1",
      "block_priority": 1,
      "bond_order": 1,
      "derivative_name": "smileit_run_00007",
      "derivative_smiles": "C=CCCNc1c(O)c(O)c([N+](=O)[O-])c2[nH]cc(-c3ccccc3)c12",
      "round_index": 1,
      "site_atom_index": 17,
      "source_kind": "catalog",
      "substituent_name": "Benzene",
      "substituent_smiles": "c1ccccc1",
      "substituent_stable_id": "4771bea5-bab9-47d1-b503-1634308374f1",
      "substituent_version": 1
    },
    {
      "block_label": "Block 1",
      "block_priority": 1,
      "bond_order": 1,
      "derivative_name": "smileit_run_00008",
      "derivative_smiles": "C=CCCNc1c(O)c(O)c([N+](=O)[O-])c2[nH]cc([NH])c12",
      "round_index": 1,
      "site_atom_index": 17,
      "source_kind": "catalog",
      "substituent_name": "Amine",
      "substituent_smiles": "[NH2]",
      "substituent_stable_id": "4d9425af-4a62-43d3-9e79-2746b855885b",
      "substituent_version": 1
    },
    {
      "block_label": "Block 1",
      "block_priority": 1,
      "bond_order": 1,
      "derivative_name": "smileit_run_00009",
      "derivative_smiles": "C=CCCNc1c(O)c(O)c([N+](=O)[O-])c2[nH]cc(OC)c12",
      "round_index": 1,
      "site_atom_index": 17,
      "source_kind": "catalog",
      "substituent_name": "Methoxy",
      "substituent_smiles": "[O][CH3]",
      "substituent_stable_id": "6de11967-8a23-43e2-b699-36414c7c16c3",
      "substituent_version": 1
    },
    {
      "block_label": "Block 1",
      "block_priority": 1,
      "bond_order": 1,
      "derivative_name": "smileit_run_00010",
      "derivative_smiles": "C=CCCNc1c(O)c(O)c([N+](=O)[O-])c2[nH]cc([CH]F)c12",
      "round_index": 1,
      "site_atom_index": 17,
      "source_kind": "catalog",
      "substituent_name": "Fluoromethane",
      "substituent_smiles": "[CH2]F",
      "substituent_stable_id": "8030892b-5457-486c-86a3-b04a6815283e",
      "substituent_version": 1
    },
    {
      "block_label": "Block 1",
      "block_priority": 1,
      "bond_order": 1,
      "derivative_name": "smileit_run_00011",
      "derivative_smiles": "C=CCCNc1c(O)c(O)c([N+](=O)[O-])c2[nH]cc([S])c12",
      "round_index": 1,
      "site_atom_index": 17,
      "source_kind": "catalog",
      "substituent_name": "Thiol",
      "substituent_smiles": "[SH]",
      "substituent_stable_id": "9a8a5f8b-f08c-4155-8734-99be6e3ba255",
      "substituent_version": 1
    },
    {
      "block_label": "Block 1",
      "block_priority": 1,
      "bond_order": 1,
      "derivative_name": "smileit_run_00012",
      "derivative_smiles": "C=CCCNc1c(O)c(O)c([N+](=O)[O-])c2[nH]cc([O])c12",
      "round_index": 1,
      "site_atom_index": 17,
      "source_kind": "catalog",
      "substituent_name": "Alcohol",
      "substituent_smiles": "[OH]",
      "substituent_stable_id": "9d2f9050-0d79-40dc-89ee-8613379b7515",
      "substituent_version": 1
    },
    {
      "block_label": "Block 1",
      "block_priority": 1,
      "bond_order": 1,
      "derivative_name": "smileit_run_00013",
      "derivative_smiles": "C=CCCNc1c(O)c(O)c([N+](=O)[O-])c2[nH]cc(C(=O)OC)c12",
      "round_index": 1,
      "site_atom_index": 17,
      "source_kind": "catalog",
      "substituent_name": "MethylEster",
      "substituent_smiles": "C(=O)OC",
      "substituent_stable_id": "d1efdd07-6269-4213-bcd0-825397e230af",
      "substituent_version": 1
    },
    {
      "block_label": "Block 1",
      "block_priority": 1,
      "bond_order": 1,
      "derivative_name": "smileit_run_00014",
      "derivative_smiles": "C=CCCNc1c(O)c(O)c([N+](=O)[O-])c2[nH]cc(N(C)CC)c12",
      "round_index": 1,
      "site_atom_index": 17,
      "source_kind": "catalog",
      "substituent_name": "EthylMethylAmine",
      "substituent_smiles": "N(C)(CC)",
      "substituent_stable_id": "e7ce03c3-898c-4d90-81de-a6c1170e3c40",
      "substituent_version": 1
    },
    {
      "block_label": "Block 1",
      "block_priority": 1,
      "bond_order": 1,
      "derivative_name": "smileit_run_00015",
      "derivative_smiles": "C=CCCNc1c(O)c(O)c([N+](=O)[O-])c2[nH]cc(C(F)(F)F)c12",
      "round_index": 1,
      "site_atom_index": 17,
      "source_kind": "catalog",
      "substituent_name": "Trifluoromethane",
      "substituent_smiles": "[CH](F)(F)F",
      "substituent_stable_id": "e9e5ae92-40f0-4aad-a5ac-1c3e12c4283c",
      "substituent_version": 1
    },
    {
      "block_label": "Block 1",
      "block_priority": 1,
      "bond_order": 1,
      "derivative_name": "smileit_run_00016",
      "derivative_smiles": "C=CCCNc1c(O)c(O)c([N+](=O)[O-])c2[nH]cc(OC=O)c12",
      "round_index": 1,
      "site_atom_index": 17,
      "source_kind": "catalog",
      "substituent_name": "Malo 111",
      "substituent_smiles": "O=CO",
      "substituent_stable_id": "ea342ffd-708b-4ca5-9fdb-a561bcce8c7e",
      "substituent_version": 1
    },
    {
      "block_label": "Block 1",
      "block_priority": 1,
      "bond_order": 1,
      "derivative_name": "smileit_run_00017",
      "derivative_smiles": "C=CCCNc1c(O)c(O)c([N+](=O)[O-])c2[nH]cc([C](Cl)Cl)c12",
      "round_index": 1,
      "site_atom_index": 17,
      "source_kind": "catalog",
      "substituent_name": "Dichloromethane",
      "substituent_smiles": "[CH](Cl)Cl",
      "substituent_stable_id": "ed5cbd39-4f1e-4241-99bb-00d340c6de71",
      "substituent_version": 1
    },
    {
      "block_label": "Block 1",
      "block_priority": 1,
      "bond_order": 1,
      "derivative_name": "smileit_run_00018",
      "derivative_smiles": "C=CCCNc1c(O)c(O)c([N+](=O)[O-])c2[nH]cc(C(=O)O)c12",
      "round_index": 1,
      "site_atom_index": 17,
      "source_kind": "catalog",
      "substituent_name": "Malo 11",
      "substituent_smiles": "O=CO",
      "substituent_stable_id": "fd36879a-04fa-437f-8c9e-d7adc6491380",
      "substituent_version": 1
    },
    {
      "block_label": "Block 3",
      "block_priority": 2,
      "bond_order": 1,
      "derivative_name": "smileit_run_00019",
      "derivative_smiles": "C=CCCNc1c(O)c(O)c([N+](=O)[O-])c2[nH]c(C(F)(F)F)c(Cl)c12",
      "round_index": 1,
      "site_atom_index": 16,
      "source_kind": "catalog",
      "substituent_name": "Trifluoromethane",
      "substituent_smiles": "[CH](F)(F)F",
      "substituent_stable_id": "e9e5ae92-40f0-4aad-a5ac-1c3e12c4283c",
      "substituent_version": 1
    },
    {
      "block_label": "Block 1",
      "block_priority": 1,
      "bond_order": 1,
      "derivative_name": "smileit_run_00019",
      "derivative_smiles": "C=CCCNc1c(O)c(O)c([N+](=O)[O-])c2[nH]c(C(F)(F)F)c(Cl)c12",
      "round_index": 2,
      "site_atom_index": 17,
      "source_kind": "catalog",
      "substituent_name": "Chlorine",
      "substituent_smiles": "[Cl]",
      "substituent_stable_id": "133afc65-f77a-46dd-8bd8-65f33f644c50",
      "substituent_version": 1
    },
    {
      "block_label": "Block 3",
      "block_priority": 2,
      "bond_order": 1,
      "derivative_name": "smileit_run_00020",
      "derivative_smiles": "C=CCCNc1c(O)c(O)c([N+](=O)[O-])c2[nH]c(C(F)(F)F)c(F)c12",
      "round_index": 1,
      "site_atom_index": 16,
      "source_kind": "catalog",
      "substituent_name": "Trifluoromethane",
      "substituent_smiles": "[CH](F)(F)F",
      "substituent_stable_id": "e9e5ae92-40f0-4aad-a5ac-1c3e12c4283c",
      "substituent_version": 1
    },
    {
      "block_label": "Block 1",
      "block_priority": 1,
      "bond_order": 1,
      "derivative_name": "smileit_run_00020",
      "derivative_smiles": "C=CCCNc1c(O)c(O)c([N+](=O)[O-])c2[nH]c(C(F)(F)F)c(F)c12",
      "round_index": 2,
      "site_atom_index": 17,
      "source_kind": "catalog",
      "substituent_name": "Fluorine",
      "substituent_smiles": "[F]",
      "substituent_stable_id": "26b78864-82ef-4ab1-b661-e942073186e0",
      "substituent_version": 1
    },
    {
      "block_label": "Block 3",
      "block_priority": 2,
      "bond_order": 1,
      "derivative_name": "smileit_run_00021",
      "derivative_smiles": "C=CCCNc1c(O)c(O)c([N+](=O)[O-])c2[nH]c(C(F)(F)F)c([CH]Cl)c12",
      "round_index": 1,
      "site_atom_index": 16,
      "source_kind": "catalog",
      "substituent_name": "Trifluoromethane",
      "substituent_smiles": "[CH](F)(F)F",
      "substituent_stable_id": "e9e5ae92-40f0-4aad-a5ac-1c3e12c4283c",
      "substituent_version": 1
    },
    {
      "block_label": "Block 1",
      "block_priority": 1,
      "bond_order": 1,
      "derivative_name": "smileit_run_00021",
      "derivative_smiles": "C=CCCNc1c(O)c(O)c([N+](=O)[O-])c2[nH]c(C(F)(F)F)c([CH]Cl)c12",
      "round_index": 2,
      "site_atom_index": 17,
      "source_kind": "catalog",
      "substituent_name": "Chloromethane",
      "substituent_smiles": "[CH2]Cl",
      "substituent_stable_id": "287f69e4-b376-4609-af35-e9def2485be9",
      "substituent_version": 1
    },
    {
      "block_label": "Block 3",
      "block_priority": 2,
      "bond_order": 1,
      "derivative_name": "smileit_run_00022",
      "derivative_smiles": "C=CCCNc1c(O)c(O)c([N+](=O)[O-])c2[nH]c(C(F)(F)F)c([C](F)F)c12",
      "round_index": 1,
      "site_atom_index": 16,
      "source_kind": "catalog",
      "substituent_name": "Trifluoromethane",
      "substituent_smiles": "[CH](F)(F)F",
      "substituent_stable_id": "e9e5ae92-40f0-4aad-a5ac-1c3e12c4283c",
      "substituent_version": 1
    },
    {
      "block_label": "Block 1",
      "block_priority": 1,
      "bond_order": 1,
      "derivative_name": "smileit_run_00022",
      "derivative_smiles": "C=CCCNc1c(O)c(O)c([N+](=O)[O-])c2[nH]c(C(F)(F)F)c([C](F)F)c12",
      "round_index": 2,
      "site_atom_index": 17,
      "source_kind": "catalog",
      "substituent_name": "Difluoromethane",
      "substituent_smiles": "[CH](F)F",
      "substituent_stable_id": "2cb13828-de78-48fc-b8ca-ee17cf519446",
      "substituent_version": 1
    },
    {
      "block_label": "Block 3",
      "block_priority": 2,
      "bond_order": 1,
      "derivative_name": "smileit_run_00023",
      "derivative_smiles": "C=CCCNc1c(O)c(O)c([N+](=O)[O-])c2[nH]c(C(F)(F)F)c([C]=O)c12",
      "round_index": 1,
      "site_atom_index": 16,
      "source_kind": "catalog",
      "substituent_name": "Trifluoromethane",
      "substituent_smiles": "[CH](F)(F)F",
      "substituent_stable_id": "e9e5ae92-40f0-4aad-a5ac-1c3e12c4283c",
      "substituent_version": 1
    },
    {
      "block_label": "Block 1",
      "block_priority": 1,
      "bond_order": 1,
      "derivative_name": "smileit_run_00023",
      "derivative_smiles": "C=CCCNc1c(O)c(O)c([N+](=O)[O-])c2[nH]c(C(F)(F)F)c([C]=O)c12",
      "round_index": 2,
      "site_atom_index": 17,
      "source_kind": "catalog",
      "substituent_name": "Aldehyde",
      "substituent_smiles": "[CH]=O",
      "substituent_stable_id": "44b36e12-0f64-4b96-a502-240553466e72",
      "substituent_version": 1
    },
    {
      "block_label": "Block 3",
      "block_priority": 2,
      "bond_order": 1,
      "derivative_name": "smileit_run_00024",
      "derivative_smiles": "C=CCCNc1c(O)c(O)c([N+](=O)[O-])c2[nH]c(C(F)(F)F)c(-c3ccccc3)c12",
      "round_index": 1,
      "site_atom_index": 16,
      "source_kind": "catalog",
      "substituent_name": "Trifluoromethane",
      "substituent_smiles": "[CH](F)(F)F",
      "substituent_stable_id": "e9e5ae92-40f0-4aad-a5ac-1c3e12c4283c",
      "substituent_version": 1
    },
    {
      "block_label": "Block 1",
      "block_priority": 1,
      "bond_order": 1,
      "derivative_name": "smileit_run_00024",
      "derivative_smiles": "C=CCCNc1c(O)c(O)c([N+](=O)[O-])c2[nH]c(C(F)(F)F)c(-c3ccccc3)c12",
      "round_index": 2,
      "site_atom_index": 17,
      "source_kind": "catalog",
      "substituent_name": "Benzene",
      "substituent_smiles": "c1ccccc1",
      "substituent_stable_id": "4771bea5-bab9-47d1-b503-1634308374f1",
      "substituent_version": 1
    },
    {
      "block_label": "Block 3",
      "block_priority": 2,
      "bond_order": 1,
      "derivative_name": "smileit_run_00025",
      "derivative_smiles": "C=CCCNc1c(O)c(O)c([N+](=O)[O-])c2[nH]c(C(F)(F)F)c([NH])c12",
      "round_index": 1,
      "site_atom_index": 16,
      "source_kind": "catalog",
      "substituent_name": "Trifluoromethane",
      "substituent_smiles": "[CH](F)(F)F",
      "substituent_stable_id": "e9e5ae92-40f0-4aad-a5ac-1c3e12c4283c",
      "substituent_version": 1
    },
    {
      "block_label": "Block 1",
      "block_priority": 1,
      "bond_order": 1,
      "derivative_name": "smileit_run_00025",
      "derivative_smiles": "C=CCCNc1c(O)c(O)c([N+](=O)[O-])c2[nH]c(C(F)(F)F)c([NH])c12",
      "round_index": 2,
      "site_atom_index": 17,
      "source_kind": "catalog",
      "substituent_name": "Amine",
      "substituent_smiles": "[NH2]",
      "substituent_stable_id": "4d9425af-4a62-43d3-9e79-2746b855885b",
      "substituent_version": 1
    },
    {
      "block_label": "Block 3",
      "block_priority": 2,
      "bond_order": 1,
      "derivative_name": "smileit_run_00026",
      "derivative_smiles": "C=CCCNc1c(O)c(O)c([N+](=O)[O-])c2[nH]c(C(F)(F)F)c(OC)c12",
      "round_index": 1,
      "site_atom_index": 16,
      "source_kind": "catalog",
      "substituent_name": "Trifluoromethane",
      "substituent_smiles": "[CH](F)(F)F",
      "substituent_stable_id": "e9e5ae92-40f0-4aad-a5ac-1c3e12c4283c",
      "substituent_version": 1
    },
    {
      "block_label": "Block 1",
      "block_priority": 1,
      "bond_order": 1,
      "derivative_name": "smileit_run_00026",
      "derivative_smiles": "C=CCCNc1c(O)c(O)c([N+](=O)[O-])c2[nH]c(C(F)(F)F)c(OC)c12",
      "round_index": 2,
      "site_atom_index": 17,
      "source_kind": "catalog",
      "substituent_name": "Methoxy",
      "substituent_smiles": "[O][CH3]",
      "substituent_stable_id": "6de11967-8a23-43e2-b699-36414c7c16c3",
      "substituent_version": 1
    },
    {
      "block_label": "Block 3",
      "block_priority": 2,
      "bond_order": 1,
      "derivative_name": "smileit_run_00027",
      "derivative_smiles": "C=CCCNc1c(O)c(O)c([N+](=O)[O-])c2[nH]c(C(F)(F)F)c([CH]F)c12",
      "round_index": 1,
      "site_atom_index": 16,
      "source_kind": "catalog",
      "substituent_name": "Trifluoromethane",
      "substituent_smiles": "[CH](F)(F)F",
      "substituent_stable_id": "e9e5ae92-40f0-4aad-a5ac-1c3e12c4283c",
      "substituent_version": 1
    },
    {
      "block_label": "Block 1",
      "block_priority": 1,
      "bond_order": 1,
      "derivative_name": "smileit_run_00027",
      "derivative_smiles": "C=CCCNc1c(O)c(O)c([N+](=O)[O-])c2[nH]c(C(F)(F)F)c([CH]F)c12",
      "round_index": 2,
      "site_atom_index": 17,
      "source_kind": "catalog",
      "substituent_name": "Fluoromethane",
      "substituent_smiles": "[CH2]F",
      "substituent_stable_id": "8030892b-5457-486c-86a3-b04a6815283e",
      "substituent_version": 1
    },
    {
      "block_label": "Block 3",
      "block_priority": 2,
      "bond_order": 1,
      "derivative_name": "smileit_run_00028",
      "derivative_smiles": "C=CCCNc1c(O)c(O)c([N+](=O)[O-])c2[nH]c(C(F)(F)F)c([S])c12",
      "round_index": 1,
      "site_atom_index": 16,
      "source_kind": "catalog",
      "substituent_name": "Trifluoromethane",
      "substituent_smiles": "[CH](F)(F)F",
      "substituent_stable_id": "e9e5ae92-40f0-4aad-a5ac-1c3e12c4283c",
      "substituent_version": 1
    },
    {
      "block_label": "Block 1",
      "block_priority": 1,
      "bond_order": 1,
      "derivative_name": "smileit_run_00028",
      "derivative_smiles": "C=CCCNc1c(O)c(O)c([N+](=O)[O-])c2[nH]c(C(F)(F)F)c([S])c12",
      "round_index": 2,
      "site_atom_index": 17,
      "source_kind": "catalog",
      "substituent_name": "Thiol",
      "substituent_smiles": "[SH]",
      "substituent_stable_id": "9a8a5f8b-f08c-4155-8734-99be6e3ba255",
      "substituent_version": 1
    },
    {
      "block_label": "Block 3",
      "block_priority": 2,
      "bond_order": 1,
      "derivative_name": "smileit_run_00029",
      "derivative_smiles": "C=CCCNc1c(O)c(O)c([N+](=O)[O-])c2[nH]c(C(F)(F)F)c([O])c12",
      "round_index": 1,
      "site_atom_index": 16,
      "source_kind": "catalog",
      "substituent_name": "Trifluoromethane",
      "substituent_smiles": "[CH](F)(F)F",
      "substituent_stable_id": "e9e5ae92-40f0-4aad-a5ac-1c3e12c4283c",
      "substituent_version": 1
    },
    {
      "block_label": "Block 1",
      "block_priority": 1,
      "bond_order": 1,
      "derivative_name": "smileit_run_00029",
      "derivative_smiles": "C=CCCNc1c(O)c(O)c([N+](=O)[O-])c2[nH]c(C(F)(F)F)c([O])c12",
      "round_index": 2,
      "site_atom_index": 17,
      "source_kind": "catalog",
      "substituent_name": "Alcohol",
      "substituent_smiles": "[OH]",
      "substituent_stable_id": "9d2f9050-0d79-40dc-89ee-8613379b7515",
      "substituent_version": 1
    },
    {
      "block_label": "Block 3",
      "block_priority": 2,
      "bond_order": 1,
      "derivative_name": "smileit_run_00030",
      "derivative_smiles": "C=CCCNc1c(O)c(O)c([N+](=O)[O-])c2[nH]c(C(F)(F)F)c(C(=O)OC)c12",
      "round_index": 1,
      "site_atom_index": 16,
      "source_kind": "catalog",
      "substituent_name": "Trifluoromethane",
      "substituent_smiles": "[CH](F)(F)F",
      "substituent_stable_id": "e9e5ae92-40f0-4aad-a5ac-1c3e12c4283c",
      "substituent_version": 1
    },
    {
      "block_label": "Block 1",
      "block_priority": 1,
      "bond_order": 1,
      "derivative_name": "smileit_run_00030",
      "derivative_smiles": "C=CCCNc1c(O)c(O)c([N+](=O)[O-])c2[nH]c(C(F)(F)F)c(C(=O)OC)c12",
      "round_index": 2,
      "site_atom_index": 17,
      "source_kind": "catalog",
      "substituent_name": "MethylEster",
      "substituent_smiles": "C(=O)OC",
      "substituent_stable_id": "d1efdd07-6269-4213-bcd0-825397e230af",
      "substituent_version": 1
    },
    {
      "block_label": "Block 3",
      "block_priority": 2,
      "bond_order": 1,
      "derivative_name": "smileit_run_00031",
      "derivative_smiles": "C=CCCNc1c(O)c(O)c([N+](=O)[O-])c2[nH]c(C(F)(F)F)c(N(C)CC)c12",
      "round_index": 1,
      "site_atom_index": 16,
      "source_kind": "catalog",
      "substituent_name": "Trifluoromethane",
      "substituent_smiles": "[CH](F)(F)F",
      "substituent_stable_id": "e9e5ae92-40f0-4aad-a5ac-1c3e12c4283c",
      "substituent_version": 1
    },
    {
      "block_label": "Block 1",
      "block_priority": 1,
      "bond_order": 1,
      "derivative_name": "smileit_run_00031",
      "derivative_smiles": "C=CCCNc1c(O)c(O)c([N+](=O)[O-])c2[nH]c(C(F)(F)F)c(N(C)CC)c12",
      "round_index": 2,
      "site_atom_index": 17,
      "source_kind": "catalog",
      "substituent_name": "EthylMethylAmine",
      "substituent_smiles": "N(C)(CC)",
      "substituent_stable_id": "e7ce03c3-898c-4d90-81de-a6c1170e3c40",
      "substituent_version": 1
    },
    {
      "block_label": "Block 3",
      "block_priority": 2,
      "bond_order": 1,
      "derivative_name": "smileit_run_00032",
      "derivative_smiles": "C=CCCNc1c(O)c(O)c([N+](=O)[O-])c2[nH]c(C(F)(F)F)c(C(F)(F)F)c12",
      "round_index": 1,
      "site_atom_index": 16,
      "source_kind": "catalog",
      "substituent_name": "Trifluoromethane",
      "substituent_smiles": "[CH](F)(F)F",
      "substituent_stable_id": "e9e5ae92-40f0-4aad-a5ac-1c3e12c4283c",
      "substituent_version": 1
    },
    {
      "block_label": "Block 1",
      "block_priority": 1,
      "bond_order": 1,
      "derivative_name": "smileit_run_00032",
      "derivative_smiles": "C=CCCNc1c(O)c(O)c([N+](=O)[O-])c2[nH]c(C(F)(F)F)c(C(F)(F)F)c12",
      "round_index": 2,
      "site_atom_index": 17,
      "source_kind": "catalog",
      "substituent_name": "Trifluoromethane",
      "substituent_smiles": "[CH](F)(F)F",
      "substituent_stable_id": "e9e5ae92-40f0-4aad-a5ac-1c3e12c4283c",
      "substituent_version": 1
    },
    {
      "block_label": "Block 3",
      "block_priority": 2,
      "bond_order": 1,
      "derivative_name": "smileit_run_00033",
      "derivative_smiles": "C=CCCNc1c(O)c(O)c([N+](=O)[O-])c2[nH]c(C(F)(F)F)c(OC=O)c12",
      "round_index": 1,
      "site_atom_index": 16,
      "source_kind": "catalog",
      "substituent_name": "Trifluoromethane",
      "substituent_smiles": "[CH](F)(F)F",
      "substituent_stable_id": "e9e5ae92-40f0-4aad-a5ac-1c3e12c4283c",
      "substituent_version": 1
    },
    {
      "block_label": "Block 1",
      "block_priority": 1,
      "bond_order": 1,
      "derivative_name": "smileit_run_00033",
      "derivative_smiles": "C=CCCNc1c(O)c(O)c([N+](=O)[O-])c2[nH]c(C(F)(F)F)c(OC=O)c12",
      "round_index": 2,
      "site_atom_index": 17,
      "source_kind": "catalog",
      "substituent_name": "Malo 111",
      "substituent_smiles": "O=CO",
      "substituent_stable_id": "ea342ffd-708b-4ca5-9fdb-a561bcce8c7e",
      "substituent_version": 1
    },
    {
      "block_label": "Block 3",
      "block_priority": 2,
      "bond_order": 1,
      "derivative_name": "smileit_run_00034",
      "derivative_smiles": "C=CCCNc1c(O)c(O)c([N+](=O)[O-])c2[nH]c(C(F)(F)F)c([C](Cl)Cl)c12",
      "round_index": 1,
      "site_atom_index": 16,
      "source_kind": "catalog",
      "substituent_name": "Trifluoromethane",
      "substituent_smiles": "[CH](F)(F)F",
      "substituent_stable_id": "e9e5ae92-40f0-4aad-a5ac-1c3e12c4283c",
      "substituent_version": 1
    },
    {
      "block_label": "Block 1",
      "block_priority": 1,
      "bond_order": 1,
      "derivative_name": "smileit_run_00034",
      "derivative_smiles": "C=CCCNc1c(O)c(O)c([N+](=O)[O-])c2[nH]c(C(F)(F)F)c([C](Cl)Cl)c12",
      "round_index": 2,
      "site_atom_index": 17,
      "source_kind": "catalog",
      "substituent_name": "Dichloromethane",
      "substituent_smiles": "[CH](Cl)Cl",
      "substituent_stable_id": "ed5cbd39-4f1e-4241-99bb-00d340c6de71",
      "substituent_version": 1
    },
    {
      "block_label": "Block 3",
      "block_priority": 2,
      "bond_order": 1,
      "derivative_name": "smileit_run_00035",
      "derivative_smiles": "C=CCCNc1c(O)c(O)c([N+](=O)[O-])c2[nH]c(C(F)(F)F)c(C(=O)O)c12",
      "round_index": 1,
      "site_atom_index": 16,
      "source_kind": "catalog",
      "substituent_name": "Trifluoromethane",
      "substituent_smiles": "[CH](F)(F)F",
      "substituent_stable_id": "e9e5ae92-40f0-4aad-a5ac-1c3e12c4283c",
      "substituent_version": 1
    },
    {
      "block_label": "Block 1",
      "block_priority": 1,
      "bond_order": 1,
      "derivative_name": "smileit_run_00035",
      "derivative_smiles": "C=CCCNc1c(O)c(O)c([N+](=O)[O-])c2[nH]c(C(F)(F)F)c(C(=O)O)c12",
      "round_index": 2,
      "site_atom_index": 17,
      "source_kind": "catalog",
      "substituent_name": "Malo 11",
      "substituent_smiles": "O=CO",
      "substituent_stable_id": "fd36879a-04fa-437f-8c9e-d7adc6491380",
      "substituent_version": 1
    }
  ],
  "truncated": false
}

=== LOG EVENTS ===
[0001] 2026-04-09T00:44:45.493378+00:00 INFO core.runtime: Job creado y pendiente de encolado. | payload={"algorithm_version": "2.0.1", "cache_hit": false, "plugin_name": "smileit"}
[0002] 2026-04-09T00:44:45.529069+00:00 INFO core.dispatch: Job encolado correctamente. | payload={"job_id": "bd7ca72c-416f-4a98-ac90-9be41b915aa1"}
[0003] 2026-04-09T00:44:45.563289+00:00 INFO core.runtime: Job iniciado en worker asíncrono. | payload={}
[0004] 2026-04-09T00:44:45.597619+00:00 INFO core.runtime: Iniciando ejecución de plugin científico. | payload={"plugin_name": "smileit"}
[0005] 2026-04-09T00:44:45.637658+00:00 INFO smileit.plugin: Cobertura de bloques validada. Iniciando generación combinatoria. | payload={"blocks": 2, "max_structures": null, "num_bonds": 1, "r_substitutes": 2, "selected_sites": [16, 17, 18], "site_options": 39}
[0006] 2026-04-09T00:44:45.710598+00:00 INFO smileit.plugin: Ronda de generación completada. | payload={"attempts_processed": 39, "duplicate_structures": 0, "frontier_nodes": 18, "fusion_attempt_cache_size": 39, "generated_structures": 18, "rejected_fusions": 21, "round_index": 1, "total_rounds": 2}
[0007] 2026-04-09T00:44:45.757801+00:00 INFO smileit.plugin: Avance de generación Smile-it. | payload={"attempts_processed": 117, "duplicate_structures": 2, "fusion_attempt_cache_size": 117, "generated_structures": 35, "processed_nodes": 3, "rejected_fusions": 80, "round_index": 2, "round_nodes": 18}
[0008] 2026-04-09T00:44:45.801751+00:00 INFO smileit.plugin: Avance de generación Smile-it. | payload={"attempts_processed": 217, "duplicate_structures": 7, "fusion_attempt_cache_size": 217, "generated_structures": 35, "processed_nodes": 8, "rejected_fusions": 175, "round_index": 2, "round_nodes": 18}
[0009] 2026-04-09T00:44:45.846778+00:00 INFO smileit.plugin: Avance de generación Smile-it. | payload={"attempts_processed": 317, "duplicate_structures": 12, "fusion_attempt_cache_size": 317, "generated_structures": 35, "processed_nodes": 13, "rejected_fusions": 270, "round_index": 2, "round_nodes": 18}
[0010] 2026-04-09T00:44:45.891962+00:00 INFO smileit.plugin: Avance de generación Smile-it. | payload={"attempts_processed": 417, "duplicate_structures": 17, "fusion_attempt_cache_size": 417, "generated_structures": 35, "processed_nodes": 18, "rejected_fusions": 365, "round_index": 2, "round_nodes": 18}
[0011] 2026-04-09T00:44:45.924384+00:00 INFO smileit.plugin: Ronda de generación completada. | payload={"attempts_processed": 417, "duplicate_structures": 17, "frontier_nodes": 17, "fusion_attempt_cache_size": 417, "generated_structures": 35, "rejected_fusions": 365, "round_index": 2, "total_rounds": 2}
[0012] 2026-04-09T00:44:46.676053+00:00 INFO smileit.plugin: Materialización visual Smile-it completada. | payload={"generated_structures": 35, "render_mode": "on-demand-svg"}
[0013] 2026-04-09T00:44:46.689118+00:00 INFO smileit.plugin: Ejecución Smile-it finalizada. | payload={"total_generated": 35, "truncated": false}
[0014] 2026-04-09T00:44:46.745486+00:00 INFO core.cache: Persistiendo resultado calculado en caché. | payload={}
[0015] 2026-04-09T00:44:46.798683+00:00 INFO core.runtime: Job completado correctamente. | payload={"from_cache": false}

=== CSV REPORT ===
compound_name,principal_smiles,substituent_smiles,applied_positions,generated_smiles
C=CCCNc1c(O)c(O)c([N+](=O)[O-])c2[nH]ccc12 + [CH](F)(F)F @ 16,C=CCCNc1c(O)c(O)c([N+](=O)[O-])c2[nH]ccc12,[CH](F)(F)F,16,C=CCCNc1c(O)c(O)c([N+](=O)[O-])c2[nH]c(C(F)(F)F)cc12
C=CCCNc1c(O)c(O)c([N+](=O)[O-])c2[nH]ccc12 + [Cl] @ 17,C=CCCNc1c(O)c(O)c([N+](=O)[O-])c2[nH]ccc12,[Cl],17,C=CCCNc1c(O)c(O)c([N+](=O)[O-])c2[nH]cc(Cl)c12
C=CCCNc1c(O)c(O)c([N+](=O)[O-])c2[nH]ccc12 + [F] @ 17,C=CCCNc1c(O)c(O)c([N+](=O)[O-])c2[nH]ccc12,[F],17,C=CCCNc1c(O)c(O)c([N+](=O)[O-])c2[nH]cc(F)c12
C=CCCNc1c(O)c(O)c([N+](=O)[O-])c2[nH]ccc12 + [CH2]Cl @ 17,C=CCCNc1c(O)c(O)c([N+](=O)[O-])c2[nH]ccc12,[CH2]Cl,17,C=CCCNc1c(O)c(O)c([N+](=O)[O-])c2[nH]cc([CH]Cl)c12
C=CCCNc1c(O)c(O)c([N+](=O)[O-])c2[nH]ccc12 + [CH](F)F @ 17,C=CCCNc1c(O)c(O)c([N+](=O)[O-])c2[nH]ccc12,[CH](F)F,17,C=CCCNc1c(O)c(O)c([N+](=O)[O-])c2[nH]cc([C](F)F)c12
C=CCCNc1c(O)c(O)c([N+](=O)[O-])c2[nH]ccc12 + [CH]=O @ 17,C=CCCNc1c(O)c(O)c([N+](=O)[O-])c2[nH]ccc12,[CH]=O,17,C=CCCNc1c(O)c(O)c([N+](=O)[O-])c2[nH]cc([C]=O)c12
C=CCCNc1c(O)c(O)c([N+](=O)[O-])c2[nH]ccc12 + c1ccccc1 @ 17,C=CCCNc1c(O)c(O)c([N+](=O)[O-])c2[nH]ccc12,c1ccccc1,17,C=CCCNc1c(O)c(O)c([N+](=O)[O-])c2[nH]cc(-c3ccccc3)c12
C=CCCNc1c(O)c(O)c([N+](=O)[O-])c2[nH]ccc12 + [NH2] @ 17,C=CCCNc1c(O)c(O)c([N+](=O)[O-])c2[nH]ccc12,[NH2],17,C=CCCNc1c(O)c(O)c([N+](=O)[O-])c2[nH]cc([NH])c12
C=CCCNc1c(O)c(O)c([N+](=O)[O-])c2[nH]ccc12 + [O][CH3] @ 17,C=CCCNc1c(O)c(O)c([N+](=O)[O-])c2[nH]ccc12,[O][CH3],17,C=CCCNc1c(O)c(O)c([N+](=O)[O-])c2[nH]cc(OC)c12
C=CCCNc1c(O)c(O)c([N+](=O)[O-])c2[nH]ccc12 + [CH2]F @ 17,C=CCCNc1c(O)c(O)c([N+](=O)[O-])c2[nH]ccc12,[CH2]F,17,C=CCCNc1c(O)c(O)c([N+](=O)[O-])c2[nH]cc([CH]F)c12
C=CCCNc1c(O)c(O)c([N+](=O)[O-])c2[nH]ccc12 + [SH] @ 17,C=CCCNc1c(O)c(O)c([N+](=O)[O-])c2[nH]ccc12,[SH],17,C=CCCNc1c(O)c(O)c([N+](=O)[O-])c2[nH]cc([S])c12
C=CCCNc1c(O)c(O)c([N+](=O)[O-])c2[nH]ccc12 + [OH] @ 17,C=CCCNc1c(O)c(O)c([N+](=O)[O-])c2[nH]ccc12,[OH],17,C=CCCNc1c(O)c(O)c([N+](=O)[O-])c2[nH]cc([O])c12
C=CCCNc1c(O)c(O)c([N+](=O)[O-])c2[nH]ccc12 + C(=O)OC @ 17,C=CCCNc1c(O)c(O)c([N+](=O)[O-])c2[nH]ccc12,C(=O)OC,17,C=CCCNc1c(O)c(O)c([N+](=O)[O-])c2[nH]cc(C(=O)OC)c12
C=CCCNc1c(O)c(O)c([N+](=O)[O-])c2[nH]ccc12 + N(C)(CC) @ 17,C=CCCNc1c(O)c(O)c([N+](=O)[O-])c2[nH]ccc12,N(C)(CC),17,C=CCCNc1c(O)c(O)c([N+](=O)[O-])c2[nH]cc(N(C)CC)c12
C=CCCNc1c(O)c(O)c([N+](=O)[O-])c2[nH]ccc12 + [CH](F)(F)F @ 17,C=CCCNc1c(O)c(O)c([N+](=O)[O-])c2[nH]ccc12,[CH](F)(F)F,17,C=CCCNc1c(O)c(O)c([N+](=O)[O-])c2[nH]cc(C(F)(F)F)c12
C=CCCNc1c(O)c(O)c([N+](=O)[O-])c2[nH]ccc12 + O=CO @ 17,C=CCCNc1c(O)c(O)c([N+](=O)[O-])c2[nH]ccc12,O=CO,17,C=CCCNc1c(O)c(O)c([N+](=O)[O-])c2[nH]cc(OC=O)c12
C=CCCNc1c(O)c(O)c([N+](=O)[O-])c2[nH]ccc12 + [CH](Cl)Cl @ 17,C=CCCNc1c(O)c(O)c([N+](=O)[O-])c2[nH]ccc12,[CH](Cl)Cl,17,C=CCCNc1c(O)c(O)c([N+](=O)[O-])c2[nH]cc([C](Cl)Cl)c12
C=CCCNc1c(O)c(O)c([N+](=O)[O-])c2[nH]ccc12 + O=CO @ 17,C=CCCNc1c(O)c(O)c([N+](=O)[O-])c2[nH]ccc12,O=CO,17,C=CCCNc1c(O)c(O)c([N+](=O)[O-])c2[nH]cc(C(=O)O)c12
C=CCCNc1c(O)c(O)c([N+](=O)[O-])c2[nH]ccc12 + [CH](F)(F)F|[Cl] @ 16|17,C=CCCNc1c(O)c(O)c([N+](=O)[O-])c2[nH]ccc12,[CH](F)(F)F|[Cl],16|17,C=CCCNc1c(O)c(O)c([N+](=O)[O-])c2[nH]c(C(F)(F)F)c(Cl)c12
C=CCCNc1c(O)c(O)c([N+](=O)[O-])c2[nH]ccc12 + [CH](F)(F)F|[F] @ 16|17,C=CCCNc1c(O)c(O)c([N+](=O)[O-])c2[nH]ccc12,[CH](F)(F)F|[F],16|17,C=CCCNc1c(O)c(O)c([N+](=O)[O-])c2[nH]c(C(F)(F)F)c(F)c12
C=CCCNc1c(O)c(O)c([N+](=O)[O-])c2[nH]ccc12 + [CH](F)(F)F|[CH2]Cl @ 16|17,C=CCCNc1c(O)c(O)c([N+](=O)[O-])c2[nH]ccc12,[CH](F)(F)F|[CH2]Cl,16|17,C=CCCNc1c(O)c(O)c([N+](=O)[O-])c2[nH]c(C(F)(F)F)c([CH]Cl)c12
C=CCCNc1c(O)c(O)c([N+](=O)[O-])c2[nH]ccc12 + [CH](F)(F)F|[CH](F)F @ 16|17,C=CCCNc1c(O)c(O)c([N+](=O)[O-])c2[nH]ccc12,[CH](F)(F)F|[CH](F)F,16|17,C=CCCNc1c(O)c(O)c([N+](=O)[O-])c2[nH]c(C(F)(F)F)c([C](F)F)c12
C=CCCNc1c(O)c(O)c([N+](=O)[O-])c2[nH]ccc12 + [CH](F)(F)F|[CH]=O @ 16|17,C=CCCNc1c(O)c(O)c([N+](=O)[O-])c2[nH]ccc12,[CH](F)(F)F|[CH]=O,16|17,C=CCCNc1c(O)c(O)c([N+](=O)[O-])c2[nH]c(C(F)(F)F)c([C]=O)c12
C=CCCNc1c(O)c(O)c([N+](=O)[O-])c2[nH]ccc12 + [CH](F)(F)F|c1ccccc1 @ 16|17,C=CCCNc1c(O)c(O)c([N+](=O)[O-])c2[nH]ccc12,[CH](F)(F)F|c1ccccc1,16|17,C=CCCNc1c(O)c(O)c([N+](=O)[O-])c2[nH]c(C(F)(F)F)c(-c3ccccc3)c12
C=CCCNc1c(O)c(O)c([N+](=O)[O-])c2[nH]ccc12 + [CH](F)(F)F|[NH2] @ 16|17,C=CCCNc1c(O)c(O)c([N+](=O)[O-])c2[nH]ccc12,[CH](F)(F)F|[NH2],16|17,C=CCCNc1c(O)c(O)c([N+](=O)[O-])c2[nH]c(C(F)(F)F)c([NH])c12
C=CCCNc1c(O)c(O)c([N+](=O)[O-])c2[nH]ccc12 + [CH](F)(F)F|[O][CH3] @ 16|17,C=CCCNc1c(O)c(O)c([N+](=O)[O-])c2[nH]ccc12,[CH](F)(F)F|[O][CH3],16|17,C=CCCNc1c(O)c(O)c([N+](=O)[O-])c2[nH]c(C(F)(F)F)c(OC)c12
C=CCCNc1c(O)c(O)c([N+](=O)[O-])c2[nH]ccc12 + [CH](F)(F)F|[CH2]F @ 16|17,C=CCCNc1c(O)c(O)c([N+](=O)[O-])c2[nH]ccc12,[CH](F)(F)F|[CH2]F,16|17,C=CCCNc1c(O)c(O)c([N+](=O)[O-])c2[nH]c(C(F)(F)F)c([CH]F)c12
C=CCCNc1c(O)c(O)c([N+](=O)[O-])c2[nH]ccc12 + [CH](F)(F)F|[SH] @ 16|17,C=CCCNc1c(O)c(O)c([N+](=O)[O-])c2[nH]ccc12,[CH](F)(F)F|[SH],16|17,C=CCCNc1c(O)c(O)c([N+](=O)[O-])c2[nH]c(C(F)(F)F)c([S])c12
C=CCCNc1c(O)c(O)c([N+](=O)[O-])c2[nH]ccc12 + [CH](F)(F)F|[OH] @ 16|17,C=CCCNc1c(O)c(O)c([N+](=O)[O-])c2[nH]ccc12,[CH](F)(F)F|[OH],16|17,C=CCCNc1c(O)c(O)c([N+](=O)[O-])c2[nH]c(C(F)(F)F)c([O])c12
C=CCCNc1c(O)c(O)c([N+](=O)[O-])c2[nH]ccc12 + [CH](F)(F)F|C(=O)OC @ 16|17,C=CCCNc1c(O)c(O)c([N+](=O)[O-])c2[nH]ccc12,[CH](F)(F)F|C(=O)OC,16|17,C=CCCNc1c(O)c(O)c([N+](=O)[O-])c2[nH]c(C(F)(F)F)c(C(=O)OC)c12
C=CCCNc1c(O)c(O)c([N+](=O)[O-])c2[nH]ccc12 + [CH](F)(F)F|N(C)(CC) @ 16|17,C=CCCNc1c(O)c(O)c([N+](=O)[O-])c2[nH]ccc12,[CH](F)(F)F|N(C)(CC),16|17,C=CCCNc1c(O)c(O)c([N+](=O)[O-])c2[nH]c(C(F)(F)F)c(N(C)CC)c12
C=CCCNc1c(O)c(O)c([N+](=O)[O-])c2[nH]ccc12 + [CH](F)(F)F|[CH](F)(F)F @ 16|17,C=CCCNc1c(O)c(O)c([N+](=O)[O-])c2[nH]ccc12,[CH](F)(F)F|[CH](F)(F)F,16|17,C=CCCNc1c(O)c(O)c([N+](=O)[O-])c2[nH]c(C(F)(F)F)c(C(F)(F)F)c12
C=CCCNc1c(O)c(O)c([N+](=O)[O-])c2[nH]ccc12 + [CH](F)(F)F|O=CO @ 16|17,C=CCCNc1c(O)c(O)c([N+](=O)[O-])c2[nH]ccc12,[CH](F)(F)F|O=CO,16|17,C=CCCNc1c(O)c(O)c([N+](=O)[O-])c2[nH]c(C(F)(F)F)c(OC=O)c12
C=CCCNc1c(O)c(O)c([N+](=O)[O-])c2[nH]ccc12 + [CH](F)(F)F|[CH](Cl)Cl @ 16|17,C=CCCNc1c(O)c(O)c([N+](=O)[O-])c2[nH]ccc12,[CH](F)(F)F|[CH](Cl)Cl,16|17,C=CCCNc1c(O)c(O)c([N+](=O)[O-])c2[nH]c(C(F)(F)F)c([C](Cl)Cl)c12
C=CCCNc1c(O)c(O)c([N+](=O)[O-])c2[nH]ccc12 + [CH](F)(F)F|O=CO @ 16|17,C=CCCNc1c(O)c(O)c([N+](=O)[O-])c2[nH]ccc12,[CH](F)(F)F|O=CO,16|17,C=CCCNc1c(O)c(O)c([N+](=O)[O-])c2[nH]c(C(F)(F)F)c(C(=O)O)c12