=== JOB REPORT ===
job_id: 587d8155-716a-4193-82c5-da5633177083
plugin_name: smileit
status: completed
algorithm_version: 2.0.0
created_at: 2026-04-07T16:38:44.978172+00:00
updated_at: 2026-04-07T16:38:44.978181+00:00

=== INPUT PARAMETERS ===
{
  "allow_repeated": false,
  "assignment_blocks": [
    {
      "label": "Block 1",
      "priority": 1,
      "resolved_substituents": [
        {
          "categories": [],
          "name": "sustituyentea",
          "selected_atom_index": 0,
          "smiles": "CCCCCCC",
          "source_kind": "catalog",
          "stable_id": "57a9945b-d38e-45e6-946e-a27445fe86a8",
          "version": 1
        }
      ],
      "site_atom_indices": [
        2,
        3
      ]
    },
    {
      "label": "Block 2",
      "priority": 2,
      "resolved_substituents": [
        {
          "categories": [
            "hydrophobic"
          ],
          "name": "Trifluoromethane",
          "selected_atom_index": 0,
          "smiles": "[CH](F)(F)F",
          "source_kind": "catalog",
          "stable_id": "d2bb05e3-5fa2-400d-8b78-00b1e4895b99",
          "version": 1
        },
        {
          "categories": [
            "hydrophobic"
          ],
          "name": "Fluorine",
          "selected_atom_index": 0,
          "smiles": "[F]",
          "source_kind": "catalog",
          "stable_id": "5807fe04-0864-4312-aab1-7aad32351d7e",
          "version": 1
        }
      ],
      "site_atom_indices": [
        0,
        1,
        2
      ]
    }
  ],
  "export_name_base": "smileit_run",
  "export_padding": 5,
  "max_structures": 0,
  "num_bonds": 1,
  "principal_smiles": "c1ccc2[nH]ccc2c1NCCC=C",
  "r_substitutes": 4,
  "references": {
    "categories": [],
    "patterns": [
      {
        "pattern_type": "privileged",
        "stable_id": "bee090e8-b983-4775-b564-74565f34c66a",
        "version": 1
      },
      {
        "pattern_type": "privileged",
        "stable_id": "a2034040-41bc-4dad-9d8d-8acd1a117093",
        "version": 1
      },
      {
        "pattern_type": "toxicophore",
        "stable_id": "c8e17fd9-76dd-4ccb-8cb3-367aa4f38ebe",
        "version": 1
      },
      {
        "pattern_type": "toxicophore",
        "stable_id": "967a0246-200a-4b68-b75e-7a3e77ee77d9",
        "version": 1
      }
    ],
    "substituents": [
      {
        "stable_id": "57a9945b-d38e-45e6-946e-a27445fe86a8",
        "version": 1
      },
      {
        "stable_id": "d2bb05e3-5fa2-400d-8b78-00b1e4895b99",
        "version": 1
      },
      {
        "stable_id": "5807fe04-0864-4312-aab1-7aad32351d7e",
        "version": 1
      }
    ]
  },
  "selected_atom_indices": [
    0,
    1,
    2,
    3
  ],
  "site_overlap_policy": "last_block_wins",
  "version": "2.0.0"
}

=== RESULTS SNAPSHOT ===
{
  "export_name_base": "smileit_run",
  "export_padding": 5,
  "generated_structures": [
    {
      "name": "smileit_run_00001",
      "placeholder_assignments": [
        {
          "placeholder_label": "R1",
          "site_atom_index": 3,
          "substituent_name": "sustituyentea",
          "substituent_smiles": "CCCCCCC"
        }
      ],
      "smiles": "C=CCC(CCCCCCC)Nc1cccc2[nH]ccc12",
      "svg": "",
      "traceability": [
        {
          "block_label": "Block 1",
          "block_priority": 1,
          "bond_order": 1,
          "round_index": 1,
          "site_atom_index": 3,
          "source_kind": "catalog",
          "substituent_name": "sustituyentea",
          "substituent_smiles": "CCCCCCC",
          "substituent_stable_id": "57a9945b-d38e-45e6-946e-a27445fe86a8",
          "substituent_version": 1
        }
      ]
    },
    {
      "name": "smileit_run_00002",
      "placeholder_assignments": [
        {
          "placeholder_label": "R1",
          "site_atom_index": 2,
          "substituent_name": "sustituyentea",
          "substituent_smiles": "CCCCCCC"
        }
      ],
      "smiles": "C=CC(CCCCCCC)CNc1cccc2[nH]ccc12",
      "svg": "",
      "traceability": [
        {
          "block_label": "Block 1",
          "block_priority": 1,
          "bond_order": 1,
          "round_index": 1,
          "site_atom_index": 2,
          "source_kind": "catalog",
          "substituent_name": "sustituyentea",
          "substituent_smiles": "CCCCCCC",
          "substituent_stable_id": "57a9945b-d38e-45e6-946e-a27445fe86a8",
          "substituent_version": 1
        }
      ]
    },
    {
      "name": "smileit_run_00003",
      "placeholder_assignments": [
        {
          "placeholder_label": "R1",
          "site_atom_index": 2,
          "substituent_name": "sustituyentea",
          "substituent_smiles": "CCCCCCC"
        },
        {
          "placeholder_label": "R2",
          "site_atom_index": 3,
          "substituent_name": "sustituyentea",
          "substituent_smiles": "CCCCCCC"
        }
      ],
      "smiles": "C=CC(CCCCCCC)C(CCCCCCC)Nc1cccc2[nH]ccc12",
      "svg": "",
      "traceability": [
        {
          "block_label": "Block 1",
          "block_priority": 1,
          "bond_order": 1,
          "round_index": 2,
          "site_atom_index": 2,
          "source_kind": "catalog",
          "substituent_name": "sustituyentea",
          "substituent_smiles": "CCCCCCC",
          "substituent_stable_id": "57a9945b-d38e-45e6-946e-a27445fe86a8",
          "substituent_version": 1
        },
        {
          "block_label": "Block 1",
          "block_priority": 1,
          "bond_order": 1,
          "round_index": 1,
          "site_atom_index": 3,
          "source_kind": "catalog",
          "substituent_name": "sustituyentea",
          "substituent_smiles": "CCCCCCC",
          "substituent_stable_id": "57a9945b-d38e-45e6-946e-a27445fe86a8",
          "substituent_version": 1
        }
      ]
    }
  ],
  "principal_smiles": "C=CCCNc1cccc2[nH]ccc12",
  "references": {
    "categories": [],
    "patterns": [
      {
        "pattern_type": "privileged",
        "stable_id": "bee090e8-b983-4775-b564-74565f34c66a",
        "version": 1
      },
      {
        "pattern_type": "privileged",
        "stable_id": "a2034040-41bc-4dad-9d8d-8acd1a117093",
        "version": 1
      },
      {
        "pattern_type": "toxicophore",
        "stable_id": "c8e17fd9-76dd-4ccb-8cb3-367aa4f38ebe",
        "version": 1
      },
      {
        "pattern_type": "toxicophore",
        "stable_id": "967a0246-200a-4b68-b75e-7a3e77ee77d9",
        "version": 1
      }
    ],
    "substituents": [
      {
        "stable_id": "57a9945b-d38e-45e6-946e-a27445fe86a8",
        "version": 1
      },
      {
        "stable_id": "d2bb05e3-5fa2-400d-8b78-00b1e4895b99",
        "version": 1
      },
      {
        "stable_id": "5807fe04-0864-4312-aab1-7aad32351d7e",
        "version": 1
      }
    ]
  },
  "selected_atom_indices": [
    0,
    1,
    2,
    3
  ],
  "total_generated": 3,
  "traceability_rows": [
    {
      "block_label": "Block 1",
      "block_priority": 1,
      "bond_order": 1,
      "derivative_name": "smileit_run_00001",
      "derivative_smiles": "C=CCC(CCCCCCC)Nc1cccc2[nH]ccc12",
      "round_index": 1,
      "site_atom_index": 3,
      "source_kind": "catalog",
      "substituent_name": "sustituyentea",
      "substituent_smiles": "CCCCCCC",
      "substituent_stable_id": "57a9945b-d38e-45e6-946e-a27445fe86a8",
      "substituent_version": 1
    },
    {
      "block_label": "Block 1",
      "block_priority": 1,
      "bond_order": 1,
      "derivative_name": "smileit_run_00002",
      "derivative_smiles": "C=CC(CCCCCCC)CNc1cccc2[nH]ccc12",
      "round_index": 1,
      "site_atom_index": 2,
      "source_kind": "catalog",
      "substituent_name": "sustituyentea",
      "substituent_smiles": "CCCCCCC",
      "substituent_stable_id": "57a9945b-d38e-45e6-946e-a27445fe86a8",
      "substituent_version": 1
    },
    {
      "block_label": "Block 1",
      "block_priority": 1,
      "bond_order": 1,
      "derivative_name": "smileit_run_00003",
      "derivative_smiles": "C=CC(CCCCCCC)C(CCCCCCC)Nc1cccc2[nH]ccc12",
      "round_index": 1,
      "site_atom_index": 3,
      "source_kind": "catalog",
      "substituent_name": "sustituyentea",
      "substituent_smiles": "CCCCCCC",
      "substituent_stable_id": "57a9945b-d38e-45e6-946e-a27445fe86a8",
      "substituent_version": 1
    },
    {
      "block_label": "Block 1",
      "block_priority": 1,
      "bond_order": 1,
      "derivative_name": "smileit_run_00003",
      "derivative_smiles": "C=CC(CCCCCCC)C(CCCCCCC)Nc1cccc2[nH]ccc12",
      "round_index": 2,
      "site_atom_index": 2,
      "source_kind": "catalog",
      "substituent_name": "sustituyentea",
      "substituent_smiles": "CCCCCCC",
      "substituent_stable_id": "57a9945b-d38e-45e6-946e-a27445fe86a8",
      "substituent_version": 1
    }
  ],
  "truncated": false
}

=== LOG EVENTS ===
[0001] 2026-04-07T16:38:44.998826+00:00 INFO core.runtime: Job completado en creación por cache hit temprano. | payload={"algorithm_version": "2.0.0", "cache_hit": true, "plugin_name": "smileit"}
[0002] 2026-04-07T16:38:45.036456+00:00 DEBUG core.runtime: Ejecución omitida porque el job ya está finalizado. | payload={"status": "completed"}

=== CSV REPORT ===
compound_name,principal_smiles,substituent_smiles,applied_positions,generated_smiles
C=CCCNc1cccc2[nH]ccc12 + CCCCCCC @ 3,C=CCCNc1cccc2[nH]ccc12,CCCCCCC,3,C=CCC(CCCCCCC)Nc1cccc2[nH]ccc12
C=CCCNc1cccc2[nH]ccc12 + CCCCCCC @ 2,C=CCCNc1cccc2[nH]ccc12,CCCCCCC,2,C=CC(CCCCCCC)CNc1cccc2[nH]ccc12
C=CCCNc1cccc2[nH]ccc12 + CCCCCCC|CCCCCCC @ 2|3,C=CCCNc1cccc2[nH]ccc12,CCCCCCC|CCCCCCC,2|3,C=CC(CCCCCCC)C(CCCCCCC)Nc1cccc2[nH]ccc12