=== JOB REPORT ===
job_id: e64d8aea-9617-4270-b93d-c1c8bcc01f39
plugin_name: smileit
status: completed
algorithm_version: 2.0.1
created_at: 2026-04-09T18:34:54.609385+00:00
updated_at: 2026-04-09T18:34:55.385831+00:00

=== INPUT PARAMETERS ===
{
  "allow_repeated": false,
  "assignment_blocks": [
    {
      "label": "Block 1",
      "priority": 1,
      "resolved_substituents": [
        {
          "categories": [
            "hbond_acceptor",
            "hbond_donor"
          ],
          "name": "CarboxylicAcid",
          "selected_atom_index": 0,
          "smiles": "C(=O)O",
          "source_kind": "catalog",
          "stable_id": "a037e299-b879-4160-8589-0e79dd72a2f6",
          "version": 1
        }
      ],
      "site_atom_indices": [
        1,
        2
      ]
    }
  ],
  "export_name_base": "smileit_run",
  "export_padding": 5,
  "max_structures": 0,
  "num_bonds": 1,
  "principal_smiles": "c1(O)c(NCCC=C)c2c([nH]cc2)c([N+](=O)[O-])c1O",
  "r_substitutes": 2,
  "references": {
    "categories": [],
    "patterns": [
      {
        "pattern_type": "privileged",
        "stable_id": "bee090e8-b983-4775-b564-74565f34c66a",
        "version": 1
      },
      {
        "pattern_type": "privileged",
        "stable_id": "a2034040-41bc-4dad-9d8d-8acd1a117093",
        "version": 1
      },
      {
        "pattern_type": "toxicophore",
        "stable_id": "c8e17fd9-76dd-4ccb-8cb3-367aa4f38ebe",
        "version": 1
      },
      {
        "pattern_type": "toxicophore",
        "stable_id": "967a0246-200a-4b68-b75e-7a3e77ee77d9",
        "version": 1
      }
    ],
    "substituents": [
      {
        "stable_id": "a037e299-b879-4160-8589-0e79dd72a2f6",
        "version": 1
      }
    ]
  },
  "selected_atom_indices": [
    1,
    2
  ],
  "site_overlap_policy": "last_block_wins",
  "version": "2.0.1"
}

=== RESULTS SNAPSHOT ===
{
  "export_name_base": "smileit_run",
  "export_padding": 5,
  "generated_structures": [
    {
      "name": "smileit_run_00001",
      "placeholder_assignments": [
        {
          "placeholder_label": "R1",
          "site_atom_index": 1,
          "substituent_name": "CarboxylicAcid",
          "substituent_smiles": "C(=O)O"
        }
      ],
      "smiles": "C=C(CCNc1c(O)c(O)c([N+](=O)[O-])c2[nH]ccc12)C(=O)O",
      "svg": "",
      "traceability": [
        {
          "block_label": "Block 1",
          "block_priority": 1,
          "bond_order": 1,
          "round_index": 1,
          "site_atom_index": 1,
          "source_kind": "catalog",
          "substituent_name": "CarboxylicAcid",
          "substituent_smiles": "C(=O)O",
          "substituent_stable_id": "a037e299-b879-4160-8589-0e79dd72a2f6",
          "substituent_version": 1
        }
      ]
    },
    {
      "name": "smileit_run_00002",
      "placeholder_assignments": [
        {
          "placeholder_label": "R1",
          "site_atom_index": 2,
          "substituent_name": "CarboxylicAcid",
          "substituent_smiles": "C(=O)O"
        }
      ],
      "smiles": "C=CC(CNc1c(O)c(O)c([N+](=O)[O-])c2[nH]ccc12)C(=O)O",
      "svg": "",
      "traceability": [
        {
          "block_label": "Block 1",
          "block_priority": 1,
          "bond_order": 1,
          "round_index": 1,
          "site_atom_index": 2,
          "source_kind": "catalog",
          "substituent_name": "CarboxylicAcid",
          "substituent_smiles": "C(=O)O",
          "substituent_stable_id": "a037e299-b879-4160-8589-0e79dd72a2f6",
          "substituent_version": 1
        }
      ]
    },
    {
      "name": "smileit_run_00003",
      "placeholder_assignments": [
        {
          "placeholder_label": "R1",
          "site_atom_index": 1,
          "substituent_name": "CarboxylicAcid",
          "substituent_smiles": "C(=O)O"
        },
        {
          "placeholder_label": "R2",
          "site_atom_index": 2,
          "substituent_name": "CarboxylicAcid",
          "substituent_smiles": "C(=O)O"
        }
      ],
      "smiles": "C=C(C(=O)O)C(CNc1c(O)c(O)c([N+](=O)[O-])c2[nH]ccc12)C(=O)O",
      "svg": "",
      "traceability": [
        {
          "block_label": "Block 1",
          "block_priority": 1,
          "bond_order": 1,
          "round_index": 1,
          "site_atom_index": 1,
          "source_kind": "catalog",
          "substituent_name": "CarboxylicAcid",
          "substituent_smiles": "C(=O)O",
          "substituent_stable_id": "a037e299-b879-4160-8589-0e79dd72a2f6",
          "substituent_version": 1
        },
        {
          "block_label": "Block 1",
          "block_priority": 1,
          "bond_order": 1,
          "round_index": 2,
          "site_atom_index": 2,
          "source_kind": "catalog",
          "substituent_name": "CarboxylicAcid",
          "substituent_smiles": "C(=O)O",
          "substituent_stable_id": "a037e299-b879-4160-8589-0e79dd72a2f6",
          "substituent_version": 1
        }
      ]
    }
  ],
  "principal_smiles": "C=CCCNc1c(O)c(O)c([N+](=O)[O-])c2[nH]ccc12",
  "references": {
    "categories": [],
    "patterns": [
      {
        "pattern_type": "privileged",
        "stable_id": "bee090e8-b983-4775-b564-74565f34c66a",
        "version": 1
      },
      {
        "pattern_type": "privileged",
        "stable_id": "a2034040-41bc-4dad-9d8d-8acd1a117093",
        "version": 1
      },
      {
        "pattern_type": "toxicophore",
        "stable_id": "c8e17fd9-76dd-4ccb-8cb3-367aa4f38ebe",
        "version": 1
      },
      {
        "pattern_type": "toxicophore",
        "stable_id": "967a0246-200a-4b68-b75e-7a3e77ee77d9",
        "version": 1
      }
    ],
    "substituents": [
      {
        "stable_id": "a037e299-b879-4160-8589-0e79dd72a2f6",
        "version": 1
      }
    ]
  },
  "selected_atom_indices": [
    1,
    2
  ],
  "total_generated": 3,
  "traceability_rows": [
    {
      "block_label": "Block 1",
      "block_priority": 1,
      "bond_order": 1,
      "derivative_name": "smileit_run_00001",
      "derivative_smiles": "C=C(CCNc1c(O)c(O)c([N+](=O)[O-])c2[nH]ccc12)C(=O)O",
      "round_index": 1,
      "site_atom_index": 1,
      "source_kind": "catalog",
      "substituent_name": "CarboxylicAcid",
      "substituent_smiles": "C(=O)O",
      "substituent_stable_id": "a037e299-b879-4160-8589-0e79dd72a2f6",
      "substituent_version": 1
    },
    {
      "block_label": "Block 1",
      "block_priority": 1,
      "bond_order": 1,
      "derivative_name": "smileit_run_00002",
      "derivative_smiles": "C=CC(CNc1c(O)c(O)c([N+](=O)[O-])c2[nH]ccc12)C(=O)O",
      "round_index": 1,
      "site_atom_index": 2,
      "source_kind": "catalog",
      "substituent_name": "CarboxylicAcid",
      "substituent_smiles": "C(=O)O",
      "substituent_stable_id": "a037e299-b879-4160-8589-0e79dd72a2f6",
      "substituent_version": 1
    },
    {
      "block_label": "Block 1",
      "block_priority": 1,
      "bond_order": 1,
      "derivative_name": "smileit_run_00003",
      "derivative_smiles": "C=C(C(=O)O)C(CNc1c(O)c(O)c([N+](=O)[O-])c2[nH]ccc12)C(=O)O",
      "round_index": 1,
      "site_atom_index": 1,
      "source_kind": "catalog",
      "substituent_name": "CarboxylicAcid",
      "substituent_smiles": "C(=O)O",
      "substituent_stable_id": "a037e299-b879-4160-8589-0e79dd72a2f6",
      "substituent_version": 1
    },
    {
      "block_label": "Block 1",
      "block_priority": 1,
      "bond_order": 1,
      "derivative_name": "smileit_run_00003",
      "derivative_smiles": "C=C(C(=O)O)C(CNc1c(O)c(O)c([N+](=O)[O-])c2[nH]ccc12)C(=O)O",
      "round_index": 2,
      "site_atom_index": 2,
      "source_kind": "catalog",
      "substituent_name": "CarboxylicAcid",
      "substituent_smiles": "C(=O)O",
      "substituent_stable_id": "a037e299-b879-4160-8589-0e79dd72a2f6",
      "substituent_version": 1
    }
  ],
  "truncated": false
}

=== LOG EVENTS ===
[0001] 2026-04-09T18:34:54.635608+00:00 INFO core.runtime: Job creado y pendiente de encolado. | payload={"algorithm_version": "2.0.1", "cache_hit": false, "plugin_name": "smileit"}
[0002] 2026-04-09T18:34:54.688886+00:00 INFO core.dispatch: Job encolado correctamente. | payload={"job_id": "e64d8aea-9617-4270-b93d-c1c8bcc01f39"}
[0003] 2026-04-09T18:34:54.756938+00:00 INFO core.runtime: Job iniciado en worker asíncrono. | payload={}
[0004] 2026-04-09T18:34:54.815154+00:00 INFO core.runtime: Iniciando ejecución de plugin científico. | payload={"plugin_name": "smileit"}
[0005] 2026-04-09T18:34:54.869580+00:00 INFO smileit.plugin: Cobertura de bloques validada. Iniciando generación combinatoria. | payload={"blocks": 1, "max_structures": null, "num_bonds": 1, "r_substitutes": 2, "selected_sites": [1, 2], "site_options": 2}
[0006] 2026-04-09T18:34:54.955021+00:00 INFO smileit.plugin: Ronda de generación completada. | payload={"attempts_processed": 2, "duplicate_structures": 0, "frontier_nodes": 2, "fusion_attempt_cache_size": 2, "generated_structures": 2, "rejected_fusions": 0, "round_index": 1, "total_rounds": 2}
[0007] 2026-04-09T18:34:55.013559+00:00 INFO smileit.plugin: Ronda de generación completada. | payload={"attempts_processed": 4, "duplicate_structures": 1, "frontier_nodes": 1, "fusion_attempt_cache_size": 4, "generated_structures": 3, "rejected_fusions": 0, "round_index": 2, "total_rounds": 2}
[0008] 2026-04-09T18:34:55.166670+00:00 INFO smileit.plugin: Materialización visual Smile-it completada. | payload={"generated_structures": 3, "render_mode": "on-demand-svg"}
[0009] 2026-04-09T18:34:55.200413+00:00 INFO smileit.plugin: Ejecución Smile-it finalizada. | payload={"total_generated": 3, "truncated": false}
[0010] 2026-04-09T18:34:55.306069+00:00 INFO core.cache: Persistiendo resultado calculado en caché. | payload={}
[0011] 2026-04-09T18:34:55.428420+00:00 INFO core.runtime: Job completado correctamente. | payload={"from_cache": false}

=== CSV REPORT ===
compound_name,principal_smiles,substituent_smiles,applied_positions,generated_smiles
C=CCCNc1c(O)c(O)c([N+](=O)[O-])c2[nH]ccc12 + C(=O)O @ 1,C=CCCNc1c(O)c(O)c([N+](=O)[O-])c2[nH]ccc12,C(=O)O,1,C=C(CCNc1c(O)c(O)c([N+](=O)[O-])c2[nH]ccc12)C(=O)O
C=CCCNc1c(O)c(O)c([N+](=O)[O-])c2[nH]ccc12 + C(=O)O @ 2,C=CCCNc1c(O)c(O)c([N+](=O)[O-])c2[nH]ccc12,C(=O)O,2,C=CC(CNc1c(O)c(O)c([N+](=O)[O-])c2[nH]ccc12)C(=O)O
C=CCCNc1c(O)c(O)c([N+](=O)[O-])c2[nH]ccc12 + C(=O)O|C(=O)O @ 1|2,C=CCCNc1c(O)c(O)c([N+](=O)[O-])c2[nH]ccc12,C(=O)O|C(=O)O,1|2,C=C(C(=O)O)C(CNc1c(O)c(O)c([N+](=O)[O-])c2[nH]ccc12)C(=O)O