Plugins:
Bundled analyzers:
  - Clean as You Code 2.6.0.3665 (cayc)
  - IaC Code Quality and Security 2.6.1.19203 (iac)
  - Text Code Quality and Security 2.41.0.10709 (text)
Global server settings:
  - sonar.azureresourcemanager.file.suffixes=.bicep
  - sonar.core.id=243B8A4D-AZ1AoOgecF-RVS7vLGzb
  - sonar.core.startTime=2026-04-10T16:47:26+0000
  - sonar.cs.file.suffixes=.cs,.razor
  - sonar.css.file.suffixes=.css,.less,.scss,.sass
  - sonar.docker.file.patterns=*.dockerfile,Dockerfile,dockerfile
  - sonar.flex.file.suffixes=as
  - sonar.forceAuthentication=true
  - sonar.go.file.suffixes=.go
  - sonar.html.file.suffixes=.html,.xhtml,.cshtml,.vbhtml,.aspx,.ascx,.rhtml,.erb,.shtm,.shtml,.cmp,.twig,.htm
  - sonar.ipynb.file.suffixes=ipynb
  - sonar.java.file.suffixes=.java,.jav
  - sonar.java.jvmframeworkconfig.file.patterns=**/src/main/resources/**/*app*.properties,**/src/main/resources/**/*app*.yaml,**/src/main/resources/**/*app*.yml
  - sonar.javascript.file.suffixes=.js,.jsx,.cjs,.mjs,.vue
  - sonar.json.file.suffixes=.json
  - sonar.jsp.file.suffixes=.jsp,.jspf,.jspx
  - sonar.kotlin.file.suffixes=.kt,.kts
  - sonar.multi-quality-mode.enabled=true
  - sonar.php.file.suffixes=php,php3,php4,php5,phtml,inc
  - sonar.python.file.suffixes=py
  - sonar.qualityProfiles.allowDisableInheritedRules=true
  - sonar.ruby.file.suffixes=.rb
  - sonar.rust.file.suffixes=.rs
  - sonar.scala.file.suffixes=.scala
  - sonar.terraform.file.suffixes=.tf
  - sonar.typescript.file.suffixes=.ts,.tsx,.cts,.mts
  - sonar.vbnet.file.suffixes=.vb
  - sonar.xml.file.suffixes=.xml,.xsd,.xsl,.config
  - sonar.yaml.file.suffixes=.yaml,.yml
Project server settings:
  - sonar.azureresourcemanager.file.suffixes=.bicep
  - sonar.cs.file.suffixes=.cs,.razor
  - sonar.css.file.suffixes=.css,.less,.scss,.sass
  - sonar.docker.file.patterns=*.dockerfile,Dockerfile,dockerfile
  - sonar.flex.file.suffixes=as
  - sonar.go.file.suffixes=.go
  - sonar.html.file.suffixes=.html,.xhtml,.cshtml,.vbhtml,.aspx,.ascx,.rhtml,.erb,.shtm,.shtml,.cmp,.twig,.htm
  - sonar.ipynb.file.suffixes=ipynb
  - sonar.java.file.suffixes=.java,.jav
  - sonar.java.jvmframeworkconfig.file.patterns=**/src/main/resources/**/*app*.properties,**/src/main/resources/**/*app*.yaml,**/src/main/resources/**/*app*.yml
  - sonar.javascript.file.suffixes=.js,.jsx,.cjs,.mjs,.vue
  - sonar.json.file.suffixes=.json
  - sonar.jsp.file.suffixes=.jsp,.jspf,.jspx
  - sonar.kotlin.file.suffixes=.kt,.kts
  - sonar.php.file.suffixes=php,php3,php4,php5,phtml,inc
  - sonar.python.file.suffixes=py
  - sonar.ruby.file.suffixes=.rb
  - sonar.rust.file.suffixes=.rs
  - sonar.scala.file.suffixes=.scala
  - sonar.terraform.file.suffixes=.tf
  - sonar.typescript.file.suffixes=.ts,.tsx,.cts,.mts
  - sonar.vbnet.file.suffixes=.vb
  - sonar.xml.file.suffixes=.xml,.xsd,.xsl,.config
  - sonar.yaml.file.suffixes=.yaml,.yml
Project scanner properties:
  - sonar.coverage.exclusions=frontend/src/**/*.html,scripts/**,frontend/src/main.ts,frontend/src/app/app.config.ts,frontend/src/app/app.routes.ts,frontend/src/environments/**,backend/config/asgi.py,backend/config/wsgi.py,backend/config/startup_production.py,backend/config/celery.py,backend/config/settings.py,backend/apps/**/migrations/**,backend/apps/core/management/commands/**,backend/apps/core/declarative_api_usage_examples.py
  - sonar.cpd.exclusions=frontend/src/**/*.spec.ts,backend/**/tests.py,backend/**/test_*.py,backend/libs/**,frontend/src/app/sa-score/sa-score.component.html,frontend/src/app/toxicity-properties/toxicity-properties.component.html,frontend/src/app/core/shared/scientific-apps.config.ts
  - sonar.eslint.reportPaths=frontend/eslint.json
  - sonar.exclusions=.docker/**,.scannerwork/**,backend/venv/**,backend/media/**,backend/__pycache__/**,frontend/dist/**,frontend/coverage/**,frontend/node_modules/**,frontend/src/app/core/api/generated/**,sonar-project.properties,**/generated/**,**/node_modules/**,**/dist/**,.env,**/.env,**/.git/**,**/.github/**,**/.vscode/**,**/tools/**,sonar_report.json,backend/libs/**,backend/apps/**/migrations/**,scripts/**,backend/apps/core/declarative_api_usage_examples.py
  - sonar.host.url=http://localhost:9000
  - sonar.issue.ignore.multicriteria=http_back,http_front,regex_global,prng_back
  - sonar.issue.ignore.multicriteria.http_back.resourceKey=backend/**
  - sonar.issue.ignore.multicriteria.http_back.ruleKey=python:S5332
  - sonar.issue.ignore.multicriteria.http_front.resourceKey=frontend/src/environments/**
  - sonar.issue.ignore.multicriteria.http_front.ruleKey=typescript:S5332
  - sonar.issue.ignore.multicriteria.prng_back.resourceKey=backend/apps/random_numbers/plugin.py
  - sonar.issue.ignore.multicriteria.prng_back.ruleKey=python:S4347
  - sonar.issue.ignore.multicriteria.regex_global.resourceKey=**/*
  - sonar.issue.ignore.multicriteria.regex_global.ruleKey=*:S5852
  - sonar.javascript.lcov.reportPaths=frontend/coverage/frontend/lcov.info
  - sonar.projectBaseDir=/home/cesar/Documents/Proyectos/chemistry-apps
  - sonar.projectKey=chemistry-apps
  - sonar.projectName=chemistry-apps
  - sonar.python.coverage.reportPaths=backend/coverage.xml
  - sonar.python.exclusions=.docker/**,.scannerwork/**,backend/venv/**,backend/media/**,backend/__pycache__/**,backend/libs/**,backend/apps/**/migrations/**,scripts/**,backend/apps/core/declarative_api_usage_examples.py
  - sonar.python.version=3.12
  - sonar.sarifReportPaths=backend/ruff.json
  - sonar.scanner.apiBaseUrl=http://localhost:9000/api/v2
  - sonar.scanner.app=ScannerCLI
  - sonar.scanner.appVersion=8.0.1.6346
  - sonar.scanner.arch=x86_64
  - sonar.scanner.bootstrapStartTime=1775971312824
  - sonar.scanner.home=/opt/sonar-scanner
  - sonar.scanner.os=linux
  - sonar.scanner.truststorePassword=******
  - sonar.scanner.truststorePath=/usr/lib/jvm/java-22-openjdk/lib/security/cacerts
  - sonar.scanner.wasEngineCacheHit=true
  - sonar.scanner.wasJreCacheHit=HIT
  - sonar.sourceEncoding=UTF-8
  - sonar.sources=backend/apps,backend/config,backend/libs,frontend/src
  - sonar.test.inclusions=backend/**/tests.py,backend/**/test_*.py,frontend/src/**/*.spec.ts
  - sonar.tests=backend,frontend/src
  - sonar.token=******
  - sonar.working.directory=/home/cesar/Documents/Proyectos/chemistry-apps/.scannerwork
